2026-06-06 16:51:30 +0000  Initial pipeline context: <IDEDistributionProcessingPipelineContext: 0xad60ae100; archive(resolved)="<IDEArchive: 0xad68731e0>", distributionTask(resolved)="2", distributionDestination(resolved)="1", distributionMethod(resolved)="<IDEDistributionMethodDevelopmentSigned: 0xaef61bad0>", team(resolved)="<IDEProvisioningDisambiguatableBasicTeam: 0xaee2b5740; teamID='A8H3U2CM86', teamName='Grant Hendricks (Individual)', teamType='Individual', username='grant@granthendricks.com', isFreeProvisioningTeam='0'>">
	Chain (16, self inclusive):
	<IDEDistributionProcessingPipelineContext: 0xad60ae100; archive = "<IDEArchive: 0xad68731e0>", distributionMethod="<IDEDistributionMethodDevelopmentSigned: 0xaef61bad0>", team="<IDEProvisioningDisambiguatableBasicTeam: 0xaee2b5740; teamID='A8H3U2CM86', teamName='Grant Hendricks (Individual)', teamType='Individual', username='grant@granthendricks.com', isFreeProvisioningTeam='0'>">
	<IDEDistributionProcessingPipelineContext: 0xad60ae400; archive = "<IDEArchive: 0xad68731e0>", distributionMethod="<IDEDistributionMethodDevelopmentSigned: 0xaef61bad0>", team="<IDEProvisioningDisambiguatableBasicTeam: 0xaee2b5740; teamID='A8H3U2CM86', teamName='Grant Hendricks (Individual)', teamType='Individual', username='grant@granthendricks.com', isFreeProvisioningTeam='0'>">
	<IDEDistributionContext: 0xad6b86f80; archive = "<IDEArchive: 0xad68731e0>", distributionMethod="<IDEDistributionMethodDevelopmentSigned: 0xaef61bad0>", team="<IDEProvisioningDisambiguatableBasicTeam: 0xaee2b5740; teamID='A8H3U2CM86', teamName='Grant Hendricks (Individual)', teamType='Individual', username='grant@granthendricks.com', isFreeProvisioningTeam='0'>">
	<IDEDistributionContext: 0xad6b86800; archive = "<IDEArchive: 0xad68731e0>", distributionMethod="<IDEDistributionMethodDevelopmentSigned: 0xaef61bad0>", team="<IDEProvisioningDisambiguatableBasicTeam: 0xaee2b5740; teamID='A8H3U2CM86', teamName='Grant Hendricks (Individual)', teamType='Individual', username='grant@granthendricks.com', isFreeProvisioningTeam='0'>">
	<IDEDistributionContext: 0xad6b86d00; archive = "<IDEArchive: 0xad68731e0>", distributionMethod="<IDEDistributionMethodDevelopmentSigned: 0xaef61bad0>", team="<IDEProvisioningDisambiguatableBasicTeam: 0xaee2b5740; teamID='A8H3U2CM86', teamName='Grant Hendricks (Individual)', teamType='Individual', username='grant@granthendricks.com', isFreeProvisioningTeam='0'>">
	<IDEDistributionContext: 0xad6b86a80; archive = "<IDEArchive: 0xad68731e0>", distributionMethod="<IDEDistributionMethodDevelopmentSigned: 0xaef61bad0>", team="<IDEProvisioningDisambiguatableBasicTeam: 0xaee2b5740; teamID='A8H3U2CM86', teamName='Grant Hendricks (Individual)', teamType='Individual', username='grant@granthendricks.com', isFreeProvisioningTeam='0'>">
	<IDEDistributionContext: 0xad6b86080; archive = "<IDEArchive: 0xad68731e0>", distributionMethod="<IDEDistributionMethodDevelopmentSigned: 0xaef61bad0>", team="<IDEProvisioningDisambiguatableBasicTeam: 0xaee2b5740; teamID='A8H3U2CM86', teamName='Grant Hendricks (Individual)', teamType='Individual', username='grant@granthendricks.com', isFreeProvisioningTeam='0'>">
	<IDEDistributionContext: 0xad6b86580; archive = "<IDEArchive: 0xad68731e0>", distributionMethod="<IDEDistributionMethodDevelopmentSigned: 0xaef61bad0>", team="<IDEProvisioningDisambiguatableBasicTeam: 0xaee2b5740; teamID='A8H3U2CM86', teamName='Grant Hendricks (Individual)', teamType='Individual', username='grant@granthendricks.com', isFreeProvisioningTeam='0'>">
	<IDEDistributionContext: 0xad6b86300; archive = "<IDEArchive: 0xad68731e0>", distributionMethod="<IDEDistributionMethodDevelopmentSigned: 0xaef61bad0>", team="<IDEProvisioningDisambiguatableBasicTeam: 0xaee2b5740; teamID='A8H3U2CM86', teamName='Grant Hendricks (Individual)', teamType='Individual', username='grant@granthendricks.com', isFreeProvisioningTeam='0'>">
	<IDEDistributionContext: 0xad6b85680; archive = "<IDEArchive: 0xad68731e0>", distributionMethod="<IDEDistributionMethodDevelopmentSigned: 0xaef61bad0>", team="(null)">
	<IDEDistributionContext: 0xad6b84c80; archive = "<IDEArchive: 0xad68731e0>", distributionMethod="<IDEDistributionMethodDevelopmentSigned: 0xaef61bad0>", team="(null)">
	<IDEDistributionContext: 0xad6b84280; archive = "<IDEArchive: 0xad68731e0>", distributionMethod="<IDEDistributionMethodDevelopmentSigned: 0xaef61bad0>", team="(null)">
	<IDEDistributionContext: 0xad6b85900; archive = "<IDEArchive: 0xad68731e0>", distributionMethod="<IDEDistributionMethodDevelopmentSigned: 0xaef61bad0>", team="(null)">
	<IDEDistributionContext: 0xad6b87480; archive = "<IDEArchive: 0xad68731e0>", distributionMethod="(null)", team="(null)">
	<IDEDistributionContext: 0xad66ff700; archive = "<IDEArchive: 0xad68731e0>", distributionMethod="(null)", team="(null)">
	<IDEDistributionContext: 0xae4952300; archive = "<IDEArchive: 0xad68731e0>", distributionMethod="(null)", team="(null)">
</IDEDistributionProcessingPipelineContext: 0xad60ae100>
2026-06-06 16:51:30 +0000  Processing step: IDEDistributionCreateDestRootStep
2026-06-06 16:51:30 +0000  Processing step: IDEDistributionCopyItemStep
2026-06-06 16:51:30 +0000  Running /usr/bin/ditto '-V' '/Users/grant/Library/Developer/Xcode/Archives/2026-06-06/MicroSKUApp 6-6-26, 12.51 PM.xcarchive/Products/Applications/MicroSKUApp.app' '/var/folders/wy/nh2nv5bd0j11j_2rxty94q7m0000gn/T/XcodeDistPipeline.~~~bT4Avl/Root/Payload/MicroSKUApp.app'
2026-06-06 16:51:30 +0000  >>> Copying /Users/grant/Library/Developer/Xcode/Archives/2026-06-06/MicroSKUApp 6-6-26, 12.51 PM.xcarchive/Products/Applications/MicroSKUApp.app 
2026-06-06 16:51:30 +0000  copying file ./_CodeSignature/CodeResources ... 
2026-06-06 16:51:30 +0000  37799 bytes for ./_CodeSignature/CodeResources
2026-06-06 16:51:30 +0000  copying file ./SplashScreen.storyboardc/EXPO-VIEWCONTROLLER-1-view-EXPO-ContainerView.nib ... 
2026-06-06 16:51:30 +0000  2024 bytes for ./SplashScreen.storyboardc/EXPO-VIEWCONTROLLER-1-view-EXPO-ContainerView.nib
2026-06-06 16:51:30 +0000  copying file ./SplashScreen.storyboardc/SplashScreenViewController.nib ... 
2026-06-06 16:51:30 +0000  1004 bytes for ./SplashScreen.storyboardc/SplashScreenViewController.nib
2026-06-06 16:51:30 +0000  copying file ./SplashScreen.storyboardc/Info.plist ... 
2026-06-06 16:51:30 +0000  225 bytes for ./SplashScreen.storyboardc/Info.plist
2026-06-06 16:51:30 +0000  copying file ./MicroSKUApp ... 
2026-06-06 16:51:30 +0000  7899760 bytes for ./MicroSKUApp
2026-06-06 16:51:30 +0000  copying file ./ExpoSystemUI_privacy.bundle/PrivacyInfo.xcprivacy ... 
607 bytes for ./ExpoSystemUI_privacy.bundle/PrivacyInfo.xcprivacy
copying file ./ExpoSystemUI_privacy.bundle/Info.plist ... 
2026-06-06 16:51:30 +0000  787 bytes for ./ExpoSystemUI_privacy.bundle/Info.plist
2026-06-06 16:51:30 +0000  copying file ./AppIcon60x60@2x.png ... 
2026-06-06 16:51:30 +0000  6650 bytes for ./AppIcon60x60@2x.png
2026-06-06 16:51:30 +0000  copying file ./ExpoConstants_privacy.bundle/PrivacyInfo.xcprivacy ... 
2026-06-06 16:51:30 +0000  607 bytes for ./ExpoConstants_privacy.bundle/PrivacyInfo.xcprivacy
2026-06-06 16:51:30 +0000  copying file ./ExpoConstants_privacy.bundle/Info.plist ... 
2026-06-06 16:51:30 +0000  791 bytes for ./ExpoConstants_privacy.bundle/Info.plist
2026-06-06 16:51:30 +0000  copying file ./React-cxxreact_privacy.bundle/PrivacyInfo.xcprivacy ... 
2026-06-06 16:51:30 +0000  552 bytes for ./React-cxxreact_privacy.bundle/PrivacyInfo.xcprivacy
2026-06-06 16:51:30 +0000  copying file ./React-cxxreact_privacy.bundle/Info.plist ... 
2026-06-06 16:51:30 +0000  792 bytes for ./React-cxxreact_privacy.bundle/Info.plist
2026-06-06 16:51:30 +0000  copying file ./Assets.car ... 
2026-06-06 16:51:30 +0000  147128 bytes for ./Assets.car
2026-06-06 16:51:30 +0000  copying file ./AppIcon76x76@2x~ipad.png ... 
2026-06-06 16:51:30 +0000  8485 bytes for ./AppIcon76x76@2x~ipad.png
2026-06-06 16:51:30 +0000  copying file ./main.jsbundle ... 
2026-06-06 16:51:30 +0000  5231851 bytes for ./main.jsbundle
2026-06-06 16:51:30 +0000  copying file ./EXConstants.bundle/app.config ... 
1459 bytes for ./EXConstants.bundle/app.config
copying file ./EXConstants.bundle/Info.plist ... 
2026-06-06 16:51:30 +0000  769 bytes for ./EXConstants.bundle/Info.plist
2026-06-06 16:51:30 +0000  copying file ./SDWebImage.bundle/PrivacyInfo.xcprivacy ... 
2026-06-06 16:51:30 +0000  599 bytes for ./SDWebImage.bundle/PrivacyInfo.xcprivacy
2026-06-06 16:51:30 +0000  copying file ./SDWebImage.bundle/Info.plist ... 
2026-06-06 16:51:30 +0000  765 bytes for ./SDWebImage.bundle/Info.plist
2026-06-06 16:51:30 +0000  copying file ./PrivacyInfo.xcprivacy ... 
2026-06-06 16:51:30 +0000  1283 bytes for ./PrivacyInfo.xcprivacy
2026-06-06 16:51:30 +0000  copying file ./ExpoFileSystem_privacy.bundle/PrivacyInfo.xcprivacy ... 
2026-06-06 16:51:30 +0000  877 bytes for ./ExpoFileSystem_privacy.bundle/PrivacyInfo.xcprivacy
2026-06-06 16:51:30 +0000  copying file ./ExpoFileSystem_privacy.bundle/Info.plist ... 
2026-06-06 16:51:30 +0000  793 bytes for ./ExpoFileSystem_privacy.bundle/Info.plist
2026-06-06 16:51:30 +0000  copying file ./Frameworks/React.framework/_CodeSignature/CodeResources ... 
2026-06-06 16:51:30 +0000  1798 bytes for ./Frameworks/React.framework/_CodeSignature/CodeResources
2026-06-06 16:51:30 +0000  copying file ./Frameworks/React.framework/React ... 
2026-06-06 16:51:30 +0000  11306576 bytes for ./Frameworks/React.framework/React
2026-06-06 16:51:30 +0000  copying file ./Frameworks/React.framework/Info.plist ... 
749 bytes for ./Frameworks/React.framework/Info.plist
copying file ./Frameworks/ReactNativeDependencies.framework/_CodeSignature/CodeResources ... 
3548 bytes for ./Frameworks/ReactNativeDependencies.framework/_CodeSignature/CodeResources
2026-06-06 16:51:30 +0000  copying file ./Frameworks/ReactNativeDependencies.framework/ReactNativeDependencies_folly.bundle/PrivacyInfo.xcprivacy ... 
2026-06-06 16:51:30 +0000  552 bytes for ./Frameworks/ReactNativeDependencies.framework/ReactNativeDependencies_folly.bundle/PrivacyInfo.xcprivacy
2026-06-06 16:51:30 +0000  copying file ./Frameworks/ReactNativeDependencies.framework/ReactNativeDependencies_folly.bundle/Info.plist ... 
2026-06-06 16:51:30 +0000  690 bytes for ./Frameworks/ReactNativeDependencies.framework/ReactNativeDependencies_folly.bundle/Info.plist
2026-06-06 16:51:30 +0000  copying file ./Frameworks/ReactNativeDependencies.framework/ReactNativeDependencies ... 
2026-06-06 16:51:30 +0000  1279904 bytes for ./Frameworks/ReactNativeDependencies.framework/ReactNativeDependencies
2026-06-06 16:51:30 +0000  copying file ./Frameworks/ReactNativeDependencies.framework/ReactNativeDependencies_glog.bundle/PrivacyInfo.xcprivacy ... 
2026-06-06 16:51:30 +0000  552 bytes for ./Frameworks/ReactNativeDependencies.framework/ReactNativeDependencies_glog.bundle/PrivacyInfo.xcprivacy
2026-06-06 16:51:30 +0000  copying file ./Frameworks/ReactNativeDependencies.framework/ReactNativeDependencies_glog.bundle/Info.plist ... 
2026-06-06 16:51:30 +0000  688 bytes for ./Frameworks/ReactNativeDependencies.framework/ReactNativeDependencies_glog.bundle/Info.plist
2026-06-06 16:51:30 +0000  copying file ./Frameworks/ReactNativeDependencies.framework/ReactNativeDependencies_boost.bundle/PrivacyInfo.xcprivacy ... 
2026-06-06 16:51:30 +0000  776 bytes for ./Frameworks/ReactNativeDependencies.framework/ReactNativeDependencies_boost.bundle/PrivacyInfo.xcprivacy
2026-06-06 16:51:30 +0000  copying file ./Frameworks/ReactNativeDependencies.framework/ReactNativeDependencies_boost.bundle/Info.plist ... 
2026-06-06 16:51:30 +0000  690 bytes for ./Frameworks/ReactNativeDependencies.framework/ReactNativeDependencies_boost.bundle/Info.plist
2026-06-06 16:51:30 +0000  copying file ./Frameworks/ReactNativeDependencies.framework/Info.plist ... 
2026-06-06 16:51:30 +0000  782 bytes for ./Frameworks/ReactNativeDependencies.framework/Info.plist
2026-06-06 16:51:30 +0000  copying file ./Frameworks/hermes.framework/_CodeSignature/CodeResources ... 
2026-06-06 16:51:30 +0000  1798 bytes for ./Frameworks/hermes.framework/_CodeSignature/CodeResources
2026-06-06 16:51:30 +0000  copying file ./Frameworks/hermes.framework/hermes ... 
2026-06-06 16:51:30 +0000  4728080 bytes for ./Frameworks/hermes.framework/hermes
2026-06-06 16:51:30 +0000  copying file ./Frameworks/hermes.framework/Info.plist ... 
859 bytes for ./Frameworks/hermes.framework/Info.plist
copying file ./embedded.mobileprovision ... 
2026-06-06 16:51:30 +0000  18570 bytes for ./embedded.mobileprovision
2026-06-06 16:51:30 +0000  copying file ./assets/node_modules/@react-navigation/elements/lib/module/assets/back-icon@3x.png ... 
2026-06-06 16:51:30 +0000  761 bytes for ./assets/node_modules/@react-navigation/elements/lib/module/assets/back-icon@3x.png
2026-06-06 16:51:30 +0000  copying file ./assets/node_modules/@react-navigation/elements/lib/module/assets/back-icon@2x.png ... 
2026-06-06 16:51:30 +0000  405 bytes for ./assets/node_modules/@react-navigation/elements/lib/module/assets/back-icon@2x.png
copying file ./assets/node_modules/@react-navigation/elements/lib/module/assets/search-icon@2x.png ... 
2026-06-06 16:51:30 +0000  589 bytes for ./assets/node_modules/@react-navigation/elements/lib/module/assets/search-icon@2x.png
2026-06-06 16:51:30 +0000  copying file ./assets/node_modules/@react-navigation/elements/lib/module/assets/clear-icon@3x.png ... 
2026-06-06 16:51:30 +0000  502 bytes for ./assets/node_modules/@react-navigation/elements/lib/module/assets/clear-icon@3x.png
2026-06-06 16:51:30 +0000  copying file ./assets/node_modules/@react-navigation/elements/lib/module/assets/back-icon.png ... 
2026-06-06 16:51:30 +0000  290 bytes for ./assets/node_modules/@react-navigation/elements/lib/module/assets/back-icon.png
2026-06-06 16:51:30 +0000  copying file ./assets/node_modules/@react-navigation/elements/lib/module/assets/clear-icon@2x.png ... 
2026-06-06 16:51:30 +0000  334 bytes for ./assets/node_modules/@react-navigation/elements/lib/module/assets/clear-icon@2x.png
2026-06-06 16:51:30 +0000  copying file ./assets/node_modules/@react-navigation/elements/lib/module/assets/search-icon@3x.png ... 
2026-06-06 16:51:30 +0000  839 bytes for ./assets/node_modules/@react-navigation/elements/lib/module/assets/search-icon@3x.png
2026-06-06 16:51:30 +0000  copying file ./assets/node_modules/@react-navigation/elements/lib/module/assets/close-icon.png ... 
2026-06-06 16:51:30 +0000  141 bytes for ./assets/node_modules/@react-navigation/elements/lib/module/assets/close-icon.png
2026-06-06 16:51:30 +0000  copying file ./assets/node_modules/@react-navigation/elements/lib/module/assets/back-icon-mask.png ... 
2026-06-06 16:51:30 +0000  653 bytes for ./assets/node_modules/@react-navigation/elements/lib/module/assets/back-icon-mask.png
2026-06-06 16:51:30 +0000  copying file ./assets/node_modules/@react-navigation/elements/lib/module/assets/close-icon@2x.png ... 
2026-06-06 16:51:30 +0000  201 bytes for ./assets/node_modules/@react-navigation/elements/lib/module/assets/close-icon@2x.png
2026-06-06 16:51:30 +0000  copying file ./assets/node_modules/@react-navigation/elements/lib/module/assets/close-icon@3x.png ... 
2026-06-06 16:51:30 +0000  266 bytes for ./assets/node_modules/@react-navigation/elements/lib/module/assets/close-icon@3x.png
2026-06-06 16:51:30 +0000  copying file ./assets/node_modules/@react-navigation/elements/lib/module/assets/clear-icon.png ... 
2026-06-06 16:51:30 +0000  220 bytes for ./assets/node_modules/@react-navigation/elements/lib/module/assets/clear-icon.png
2026-06-06 16:51:30 +0000  copying file ./assets/node_modules/@react-navigation/elements/lib/module/assets/search-icon.png ... 
2026-06-06 16:51:30 +0000  317 bytes for ./assets/node_modules/@react-navigation/elements/lib/module/assets/search-icon.png
2026-06-06 16:51:30 +0000  copying file ./assets/node_modules/@expo/vector-icons/build/vendor/react-native-vector-icons/Fonts/Fontisto.ttf ... 
2026-06-06 16:51:30 +0000  313528 bytes for ./assets/node_modules/@expo/vector-icons/build/vendor/react-native-vector-icons/Fonts/Fontisto.ttf
2026-06-06 16:51:30 +0000  copying file ./assets/node_modules/@expo/vector-icons/build/vendor/react-native-vector-icons/Fonts/Octicons.ttf ... 
2026-06-06 16:51:30 +0000  69436 bytes for ./assets/node_modules/@expo/vector-icons/build/vendor/react-native-vector-icons/Fonts/Octicons.ttf
2026-06-06 16:51:30 +0000  copying file ./assets/node_modules/@expo/vector-icons/build/vendor/react-native-vector-icons/Fonts/Feather.ttf ... 
2026-06-06 16:51:30 +0000  55596 bytes for ./assets/node_modules/@expo/vector-icons/build/vendor/react-native-vector-icons/Fonts/Feather.ttf
2026-06-06 16:51:30 +0000  copying file ./assets/node_modules/@expo/vector-icons/build/vendor/react-native-vector-icons/Fonts/FontAwesome6_Regular.ttf ... 
2026-06-06 16:51:30 +0000  67976 bytes for ./assets/node_modules/@expo/vector-icons/build/vendor/react-native-vector-icons/Fonts/FontAwesome6_Regular.ttf
2026-06-06 16:51:30 +0000  copying file ./assets/node_modules/@expo/vector-icons/build/vendor/react-native-vector-icons/Fonts/Entypo.ttf ... 
2026-06-06 16:51:30 +0000  66200 bytes for ./assets/node_modules/@expo/vector-icons/build/vendor/react-native-vector-icons/Fonts/Entypo.ttf
2026-06-06 16:51:30 +0000  copying file ./assets/node_modules/@expo/vector-icons/build/vendor/react-native-vector-icons/Fonts/FontAwesome5_Brands.ttf ... 
2026-06-06 16:51:30 +0000  134040 bytes for ./assets/node_modules/@expo/vector-icons/build/vendor/react-native-vector-icons/Fonts/FontAwesome5_Brands.ttf
2026-06-06 16:51:30 +0000  copying file ./assets/node_modules/@expo/vector-icons/build/vendor/react-native-vector-icons/Fonts/MaterialCommunityIcons.ttf ... 
2026-06-06 16:51:30 +0000  1307660 bytes for ./assets/node_modules/@expo/vector-icons/build/vendor/react-native-vector-icons/Fonts/MaterialCommunityIcons.ttf
2026-06-06 16:51:30 +0000  copying file ./assets/node_modules/@expo/vector-icons/build/vendor/react-native-vector-icons/Fonts/AntDesign.ttf ... 
2026-06-06 16:51:30 +0000  130484 bytes for ./assets/node_modules/@expo/vector-icons/build/vendor/react-native-vector-icons/Fonts/AntDesign.ttf
2026-06-06 16:51:30 +0000  copying file ./assets/node_modules/@expo/vector-icons/build/vendor/react-native-vector-icons/Fonts/Foundation.ttf ... 
2026-06-06 16:51:30 +0000  56976 bytes for ./assets/node_modules/@expo/vector-icons/build/vendor/react-native-vector-icons/Fonts/Foundation.ttf
2026-06-06 16:51:30 +0000  copying file ./assets/node_modules/@expo/vector-icons/build/vendor/react-native-vector-icons/Fonts/Ionicons.ttf ... 
2026-06-06 16:51:30 +0000  389724 bytes for ./assets/node_modules/@expo/vector-icons/build/vendor/react-native-vector-icons/Fonts/Ionicons.ttf
2026-06-06 16:51:30 +0000  copying file ./assets/node_modules/@expo/vector-icons/build/vendor/react-native-vector-icons/Fonts/FontAwesome5_Solid.ttf ... 
2026-06-06 16:51:30 +0000  202744 bytes for ./assets/node_modules/@expo/vector-icons/build/vendor/react-native-vector-icons/Fonts/FontAwesome5_Solid.ttf
2026-06-06 16:51:30 +0000  copying file ./assets/node_modules/@expo/vector-icons/build/vendor/react-native-vector-icons/Fonts/FontAwesome5_Regular.ttf ... 
2026-06-06 16:51:30 +0000  33736 bytes for ./assets/node_modules/@expo/vector-icons/build/vendor/react-native-vector-icons/Fonts/FontAwesome5_Regular.ttf
2026-06-06 16:51:30 +0000  copying file ./assets/node_modules/@expo/vector-icons/build/vendor/react-native-vector-icons/Fonts/FontAwesome.ttf ... 
2026-06-06 16:51:30 +0000  165548 bytes for ./assets/node_modules/@expo/vector-icons/build/vendor/react-native-vector-icons/Fonts/FontAwesome.ttf
2026-06-06 16:51:30 +0000  copying file ./assets/node_modules/@expo/vector-icons/build/vendor/react-native-vector-icons/Fonts/Zocial.ttf ... 
2026-06-06 16:51:30 +0000  25788 bytes for ./assets/node_modules/@expo/vector-icons/build/vendor/react-native-vector-icons/Fonts/Zocial.ttf
2026-06-06 16:51:30 +0000  copying file ./assets/node_modules/@expo/vector-icons/build/vendor/react-native-vector-icons/Fonts/EvilIcons.ttf ... 
2026-06-06 16:51:30 +0000  13456 bytes for ./assets/node_modules/@expo/vector-icons/build/vendor/react-native-vector-icons/Fonts/EvilIcons.ttf
2026-06-06 16:51:30 +0000  copying file ./assets/node_modules/@expo/vector-icons/build/vendor/react-native-vector-icons/Fonts/FontAwesome6_Solid.ttf ... 
2026-06-06 16:51:30 +0000  423676 bytes for ./assets/node_modules/@expo/vector-icons/build/vendor/react-native-vector-icons/Fonts/FontAwesome6_Solid.ttf
2026-06-06 16:51:30 +0000  copying file ./assets/node_modules/@expo/vector-icons/build/vendor/react-native-vector-icons/Fonts/SimpleLineIcons.ttf ... 
2026-06-06 16:51:30 +0000  54056 bytes for ./assets/node_modules/@expo/vector-icons/build/vendor/react-native-vector-icons/Fonts/SimpleLineIcons.ttf
2026-06-06 16:51:30 +0000  copying file ./assets/node_modules/@expo/vector-icons/build/vendor/react-native-vector-icons/Fonts/FontAwesome6_Brands.ttf ... 
2026-06-06 16:51:30 +0000  209376 bytes for ./assets/node_modules/@expo/vector-icons/build/vendor/react-native-vector-icons/Fonts/FontAwesome6_Brands.ttf
2026-06-06 16:51:30 +0000  copying file ./assets/node_modules/@expo/vector-icons/build/vendor/react-native-vector-icons/Fonts/MaterialIcons.ttf ... 
2026-06-06 16:51:30 +0000  356840 bytes for ./assets/node_modules/@expo/vector-icons/build/vendor/react-native-vector-icons/Fonts/MaterialIcons.ttf
2026-06-06 16:51:30 +0000  copying file ./assets/node_modules/expo-router/assets/pkg.png ... 
2026-06-06 16:51:30 +0000  364 bytes for ./assets/node_modules/expo-router/assets/pkg.png
2026-06-06 16:51:30 +0000  copying file ./assets/node_modules/expo-router/assets/unmatched.png ... 
2026-06-06 16:51:30 +0000  4752 bytes for ./assets/node_modules/expo-router/assets/unmatched.png
2026-06-06 16:51:30 +0000  copying file ./assets/node_modules/expo-router/assets/file.png ... 
2026-06-06 16:51:30 +0000  138 bytes for ./assets/node_modules/expo-router/assets/file.png
2026-06-06 16:51:30 +0000  copying file ./assets/node_modules/expo-router/assets/forward.png ... 
2026-06-06 16:51:30 +0000  188 bytes for ./assets/node_modules/expo-router/assets/forward.png
copying file ./assets/node_modules/expo-router/assets/error.png ... 
2026-06-06 16:51:30 +0000  469 bytes for ./assets/node_modules/expo-router/assets/error.png
2026-06-06 16:51:30 +0000  copying file ./assets/node_modules/expo-router/assets/sitemap.png ... 
2026-06-06 16:51:30 +0000  465 bytes for ./assets/node_modules/expo-router/assets/sitemap.png
2026-06-06 16:51:30 +0000  copying file ./assets/node_modules/expo-router/assets/arrow_down.png ... 
2026-06-06 16:51:30 +0000  9456 bytes for ./assets/node_modules/expo-router/assets/arrow_down.png
2026-06-06 16:51:30 +0000  copying file ./assets/assets/071/storemap/storemap-page-1.png ... 
2026-06-06 16:51:30 +0000  2276717 bytes for ./assets/assets/071/storemap/storemap-page-1.png
2026-06-06 16:51:30 +0000  copying file ./assets/assets/plans/apple/page-1.png ... 
2026-06-06 16:51:30 +0000  1631523 bytes for ./assets/assets/plans/apple/page-1.png
2026-06-06 16:51:30 +0000  copying file ./assets/assets/plans/apple/page-2.png ... 
2026-06-06 16:51:30 +0000  1795631 bytes for ./assets/assets/plans/apple/page-2.png
2026-06-06 16:51:30 +0000  copying file ./assets/assets/plans/hdtv/page-1.png ... 
2026-06-06 16:51:30 +0000  1310444 bytes for ./assets/assets/plans/hdtv/page-1.png
2026-06-06 16:51:30 +0000  copying file ./assets/assets/plans/hdtv/page-2.png ... 
2026-06-06 16:51:30 +0000  1279105 bytes for ./assets/assets/plans/hdtv/page-2.png
2026-06-06 16:51:30 +0000  copying file ./assets/assets/plans/replacements/page-1.png ... 
2026-06-06 16:51:30 +0000  1369328 bytes for ./assets/assets/plans/replacements/page-1.png
2026-06-06 16:51:30 +0000  copying file ./assets/assets/plans/replacements/page-2.png ... 
2026-06-06 16:51:30 +0000  1238128 bytes for ./assets/assets/plans/replacements/page-2.png
2026-06-06 16:51:30 +0000  copying file ./assets/assets/plans/smallelectronicdevices/page-1.png ... 
2026-06-06 16:51:30 +0000  1402128 bytes for ./assets/assets/plans/smallelectronicdevices/page-1.png
2026-06-06 16:51:30 +0000  copying file ./assets/assets/plans/smallelectronicdevices/page-2.png ... 
2026-06-06 16:51:30 +0000  1620233 bytes for ./assets/assets/plans/smallelectronicdevices/page-2.png
2026-06-06 16:51:30 +0000  copying file ./assets/assets/plans/tablets/page-1.png ... 
2026-06-06 16:51:30 +0000  1195350 bytes for ./assets/assets/plans/tablets/page-1.png
2026-06-06 16:51:30 +0000  copying file ./assets/assets/plans/tablets/page-2.png ... 
2026-06-06 16:51:30 +0000  1631298 bytes for ./assets/assets/plans/tablets/page-2.png
2026-06-06 16:51:30 +0000  copying file ./assets/assets/plans/newpcupgradesinstallation/page-1.png ... 
2026-06-06 16:51:30 +0000  1528524 bytes for ./assets/assets/plans/newpcupgradesinstallation/page-1.png
2026-06-06 16:51:30 +0000  copying file ./assets/assets/plans/newpcupgradesinstallation/page-2.png ... 
2026-06-06 16:51:30 +0000  1078592 bytes for ./assets/assets/plans/newpcupgradesinstallation/page-2.png
2026-06-06 16:51:30 +0000  copying file ./assets/assets/plans/buildyourowncomponents/page-1.png ... 
2026-06-06 16:51:30 +0000  1432607 bytes for ./assets/assets/plans/buildyourowncomponents/page-1.png
2026-06-06 16:51:30 +0000  copying file ./assets/assets/plans/buildyourowncomponents/page-2.png ... 
2026-06-06 16:51:30 +0000  1402804 bytes for ./assets/assets/plans/buildyourowncomponents/page-2.png
2026-06-06 16:51:30 +0000  copying file ./assets/assets/plans/dell/page-1.png ... 
2026-06-06 16:51:30 +0000  2112455 bytes for ./assets/assets/plans/dell/page-1.png
2026-06-06 16:51:30 +0000  copying file ./assets/assets/plans/dell/page-2.png ... 
2026-06-06 16:51:30 +0000  1385965 bytes for ./assets/assets/plans/dell/page-2.png
2026-06-06 16:51:30 +0000  copying file ./assets/assets/plans/mobilephones/page-1.png ... 
2026-06-06 16:51:30 +0000  1614558 bytes for ./assets/assets/plans/mobilephones/page-1.png
2026-06-06 16:51:30 +0000  copying file ./assets/assets/plans/mobilephones/page-2.png ... 
2026-06-06 16:51:30 +0000  1329130 bytes for ./assets/assets/plans/mobilephones/page-2.png
2026-06-06 16:51:30 +0000  copying file ./assets/assets/plans/desktopsystems/page-1.png ... 
2026-06-06 16:51:30 +0000  1796355 bytes for ./assets/assets/plans/desktopsystems/page-1.png
2026-06-06 16:51:30 +0000  copying file ./assets/assets/plans/desktopsystems/page-2.png ... 
2026-06-06 16:51:30 +0000  2281568 bytes for ./assets/assets/plans/desktopsystems/page-2.png
2026-06-06 16:51:30 +0000  copying file ./assets/assets/plans/harddrivedataprotectionreplacement/page-1.png ... 
2026-06-06 16:51:30 +0000  1459575 bytes for ./assets/assets/plans/harddrivedataprotectionreplacement/page-1.png
2026-06-06 16:51:30 +0000  copying file ./assets/assets/plans/harddrivedataprotectionreplacement/page-2.png ... 
2026-06-06 16:51:30 +0000  1134017 bytes for ./assets/assets/plans/harddrivedataprotectionreplacement/page-2.png
2026-06-06 16:51:30 +0000  copying file ./assets/assets/plans/uicare/page-1.png ... 
2026-06-06 16:51:30 +0000  1771166 bytes for ./assets/assets/plans/uicare/page-1.png
2026-06-06 16:51:30 +0000  copying file ./assets/assets/plans/uicare/page-2.png ... 
2026-06-06 16:51:30 +0000  1685207 bytes for ./assets/assets/plans/uicare/page-2.png
2026-06-06 16:51:30 +0000  copying file ./assets/assets/plans/prioritycareplus/page-1.png ... 
2026-06-06 16:51:30 +0000  1404025 bytes for ./assets/assets/plans/prioritycareplus/page-1.png
2026-06-06 16:51:30 +0000  copying file ./assets/assets/plans/prioritycareplus/page-3.png ... 
2026-06-06 16:51:30 +0000  1732465 bytes for ./assets/assets/plans/prioritycareplus/page-3.png
2026-06-06 16:51:30 +0000  copying file ./assets/assets/plans/prioritycareplus/page-2.png ... 
2026-06-06 16:51:30 +0000  2409903 bytes for ./assets/assets/plans/prioritycareplus/page-2.png
2026-06-06 16:51:30 +0000  copying file ./assets/assets/plans/dellplus/page-1.png ... 
2026-06-06 16:51:30 +0000  2077233 bytes for ./assets/assets/plans/dellplus/page-1.png
2026-06-06 16:51:30 +0000  copying file ./assets/assets/plans/dellplus/page-2.png ... 
2026-06-06 16:51:30 +0000  2009032 bytes for ./assets/assets/plans/dellplus/page-2.png
2026-06-06 16:51:30 +0000  copying file ./assets/assets/plans/3dprinter/page-1.png ... 
2026-06-06 16:51:30 +0000  1720364 bytes for ./assets/assets/plans/3dprinter/page-1.png
2026-06-06 16:51:30 +0000  copying file ./assets/assets/plans/3dprinter/page-2.png ... 
2026-06-06 16:51:30 +0000  1543962 bytes for ./assets/assets/plans/3dprinter/page-2.png
2026-06-06 16:51:30 +0000  copying file ./assets/assets/plans/carryin/page-1.png ... 
2026-06-06 16:51:30 +0000  1508287 bytes for ./assets/assets/plans/carryin/page-1.png
2026-06-06 16:51:30 +0000  copying file ./assets/assets/plans/carryin/page-2.png ... 
2026-06-06 16:51:30 +0000  1217694 bytes for ./assets/assets/plans/carryin/page-2.png
2026-06-06 16:51:30 +0000  copying file ./assets/assets/plans/notebooks/page-1.png ... 
2026-06-06 16:51:30 +0000  1722732 bytes for ./assets/assets/plans/notebooks/page-1.png
2026-06-06 16:51:30 +0000  copying file ./assets/assets/plans/notebooks/page-2.png ... 
2026-06-06 16:51:30 +0000  1766378 bytes for ./assets/assets/plans/notebooks/page-2.png
2026-06-06 16:51:30 +0000  copying file ./assets/assets/plans/digitalcamerascamcorders/page-1.png ... 
2026-06-06 16:51:30 +0000  1004366 bytes for ./assets/assets/plans/digitalcamerascamcorders/page-1.png
2026-06-06 16:51:30 +0000  copying file ./assets/assets/plans/digitalcamerascamcorders/page-2.png ... 
2026-06-06 16:51:30 +0000  1326010 bytes for ./assets/assets/plans/digitalcamerascamcorders/page-2.png
2026-06-06 16:51:30 +0000  copying file ./Info.plist ... 
2026-06-06 16:51:30 +0000  2050 bytes for ./Info.plist
2026-06-06 16:51:30 +0000  copying file ./Expo.plist ... 
2026-06-06 16:51:30 +0000  132 bytes for ./Expo.plist
2026-06-06 16:51:30 +0000  copying file ./RNCAsyncStorage_resources.bundle/PrivacyInfo.xcprivacy ... 
2026-06-06 16:51:30 +0000  512 bytes for ./RNCAsyncStorage_resources.bundle/PrivacyInfo.xcprivacy
2026-06-06 16:51:30 +0000  copying file ./RNCAsyncStorage_resources.bundle/Info.plist ... 
2026-06-06 16:51:30 +0000  797 bytes for ./RNCAsyncStorage_resources.bundle/Info.plist
2026-06-06 16:51:30 +0000  copying file ./PkgInfo ... 
2026-06-06 16:51:30 +0000  8 bytes for ./PkgInfo
2026-06-06 16:51:30 +0000  copying file ./React-Core_privacy.bundle/PrivacyInfo.xcprivacy ... 
2026-06-06 16:51:30 +0000  768 bytes for ./React-Core_privacy.bundle/PrivacyInfo.xcprivacy
2026-06-06 16:51:30 +0000  copying file ./React-Core_privacy.bundle/Info.plist ... 
2026-06-06 16:51:30 +0000  784 bytes for ./React-Core_privacy.bundle/Info.plist
2026-06-06 16:51:30 +0000  /usr/bin/ditto exited with 0
2026-06-06 16:51:30 +0000  Processing step: IDEDistributionEmbedProfileStep
2026-06-06 16:51:30 +0000  Skipping profile for item: <IDEDistributionItem: 0xb00ab9800; bundleID='react-native.React', path='<DVTFilePath:0xb005d2520:'/Users/grant/Library/Developer/Xcode/Archives/2026-06-06/MicroSKUApp 6-6-26, 12.51 PM.xcarchive/Products/Applications/MicroSKUApp.app/Frameworks/React.framework'>', codeSigningInfo='<_DVTCodeSigningInformation_Path: 0xb00ab9920; isSigned='1', isAdHocSigned='0', signingCertificate='<DVTSigningCertificate: 0xad601a040; name='Apple Development: fortnitegranth@icloud.com (CJRRC3736R)', hash='A4CA865FC3AB0E4C7ABA7377CA8912C5E8E87159', serialNumber='3E3C5FC9D6BCF830ABE4D033EDC5A63F', certificateKinds='(
    "1.2.840.113635.100.6.1.12",
    "1.2.840.113635.100.6.1.2"
), issueDate='2026-02-07 03:31:02 +0000''>', entitlements='(null)', teamID='A8H3U2CM86', identifier='react-native.React', executablePath='<DVTFilePath:0xb005d2880:'/Users/grant/Library/Developer/Xcode/Archives/2026-06-06/MicroSKUApp 6-6-26, 12.51 PM.xcarchive/Products/Applications/MicroSKUApp.app/Frameworks/React.framework/React'>', hardenedRuntime='0'>'>
2026-06-06 16:51:30 +0000  Skipping profile for item: <IDEDistributionItem: 0xb00ab8f00; bundleID='third-party.ReactNativeDependencies', path='<DVTFilePath:0xb0053cd00:'/Users/grant/Library/Developer/Xcode/Archives/2026-06-06/MicroSKUApp 6-6-26, 12.51 PM.xcarchive/Products/Applications/MicroSKUApp.app/Frameworks/ReactNativeDependencies.framework'>', codeSigningInfo='<_DVTCodeSigningInformation_Path: 0xb00ab8f60; isSigned='1', isAdHocSigned='0', signingCertificate='<DVTSigningCertificate: 0xad601a040; name='Apple Development: fortnitegranth@icloud.com (CJRRC3736R)', hash='A4CA865FC3AB0E4C7ABA7377CA8912C5E8E87159', serialNumber='3E3C5FC9D6BCF830ABE4D033EDC5A63F', certificateKinds='(
    "1.2.840.113635.100.6.1.12",
    "1.2.840.113635.100.6.1.2"
), issueDate='2026-02-07 03:31:02 +0000''>', entitlements='(null)', teamID='A8H3U2CM86', identifier='third-party.ReactNativeDependencies', executablePath='<DVTFilePath:0xad6a3fd40:'/Users/grant/Library/Developer/Xcode/Archives/2026-06-06/MicroSKUApp 6-6-26, 12.51 PM.xcarchive/Products/Applications/MicroSKUApp.app/Frameworks/ReactNativeDependencies.framework/ReactNativeDependencies'>', hardenedRuntime='0'>'>
2026-06-06 16:51:30 +0000  Skipping profile for item: <IDEDistributionItem: 0xb00ab8fc0; bundleID='dev.hermesengine.iphoneos', path='<DVTFilePath:0xad6a3fcd0:'/Users/grant/Library/Developer/Xcode/Archives/2026-06-06/MicroSKUApp 6-6-26, 12.51 PM.xcarchive/Products/Applications/MicroSKUApp.app/Frameworks/hermes.framework'>', codeSigningInfo='<_DVTCodeSigningInformation_Path: 0xb00ab9020; isSigned='1', isAdHocSigned='0', signingCertificate='<DVTSigningCertificate: 0xad601a040; name='Apple Development: fortnitegranth@icloud.com (CJRRC3736R)', hash='A4CA865FC3AB0E4C7ABA7377CA8912C5E8E87159', serialNumber='3E3C5FC9D6BCF830ABE4D033EDC5A63F', certificateKinds='(
    "1.2.840.113635.100.6.1.12",
    "1.2.840.113635.100.6.1.2"
), issueDate='2026-02-07 03:31:02 +0000''>', entitlements='(null)', teamID='A8H3U2CM86', identifier='dev.hermesengine.iphoneos', executablePath='<DVTFilePath:0xb005d23a0:'/Users/grant/Library/Developer/Xcode/Archives/2026-06-06/MicroSKUApp 6-6-26, 12.51 PM.xcarchive/Products/Applications/MicroSKUApp.app/Frameworks/hermes.framework/hermes'>', hardenedRuntime='0'>'>
2026-06-06 16:51:30 +0000  Processing step: IDEDistributionInfoPlistStep
2026-06-06 16:51:30 +0000  Skipping step: IDEDistributionInfoPlistStep because it said so
2026-06-06 16:51:30 +0000  Skipping step: IDEDistributionInfoPlistStep because it said so
2026-06-06 16:51:30 +0000  Skipping step: IDEDistributionInfoPlistStep because it said so
2026-06-06 16:51:30 +0000  Skipping step: IDEDistributionInfoPlistStep because it said so
2026-06-06 16:51:30 +0000  Processing step: IDEDistributionAppThinningPlistStep
2026-06-06 16:51:30 +0000  Skipping step: IDEDistributionAppThinningPlistStep because it said so
2026-06-06 16:51:30 +0000  Processing step: IDEDistributionSymbolsStep
2026-06-06 16:51:30 +0000  Skipping step: IDEDistributionSymbolsStep because it said so
2026-06-06 16:51:30 +0000  Processing step: IDEDistributionAppThinningStep
2026-06-06 16:51:30 +0000  Skipping step: IDEDistributionAppThinningStep because it said so
2026-06-06 16:51:30 +0000  Processing step: IDEDistributionArchThinningStep
2026-06-06 16:51:30 +0000  Archs to thin for item /Users/grant/Library/Developer/Xcode/Archives/2026-06-06/MicroSKUApp 6-6-26, 12.51 PM.xcarchive/Products/Applications/MicroSKUApp.app/Frameworks/React.framework are []
2026-06-06 16:51:30 +0000  Archs to thin for item /Users/grant/Library/Developer/Xcode/Archives/2026-06-06/MicroSKUApp 6-6-26, 12.51 PM.xcarchive/Products/Applications/MicroSKUApp.app/Frameworks/ReactNativeDependencies.framework are []
2026-06-06 16:51:30 +0000  Archs to thin for item /Users/grant/Library/Developer/Xcode/Archives/2026-06-06/MicroSKUApp 6-6-26, 12.51 PM.xcarchive/Products/Applications/MicroSKUApp.app/Frameworks/hermes.framework are []
2026-06-06 16:51:30 +0000  Archs to thin for item /Users/grant/Library/Developer/Xcode/Archives/2026-06-06/MicroSKUApp 6-6-26, 12.51 PM.xcarchive/Products/Applications/MicroSKUApp.app are []
2026-06-06 16:51:30 +0000  Processing step: IDEDistributionODRStep
2026-06-06 16:51:30 +0000  Processing step: IDEDistributionStripXattrsStep
2026-06-06 16:51:30 +0000  Skipping stripping extended attributes because the codesign step will strip them.
2026-06-06 16:51:30 +0000  Skipping stripping extended attributes because the codesign step will strip them.
2026-06-06 16:51:30 +0000  Skipping stripping extended attributes because the codesign step will strip them.
2026-06-06 16:51:30 +0000  Skipping stripping extended attributes because the codesign step will strip them.
2026-06-06 16:51:30 +0000  Processing step: IDEDistributionCodesignStep
2026-06-06 16:51:30 +0000  Entitlements for <IDEDistributionItem: 0xb00ab9800; bundleID='react-native.React', path='<DVTFilePath:0xb005d2520:'/Users/grant/Library/Developer/Xcode/Archives/2026-06-06/MicroSKUApp 6-6-26, 12.51 PM.xcarchive/Products/Applications/MicroSKUApp.app/Frameworks/React.framework'>', codeSigningInfo='<_DVTCodeSigningInformation_Path: 0xb00ab9920; isSigned='1', isAdHocSigned='0', signingCertificate='<DVTSigningCertificate: 0xad601a040; name='Apple Development: fortnitegranth@icloud.com (CJRRC3736R)', hash='A4CA865FC3AB0E4C7ABA7377CA8912C5E8E87159', serialNumber='3E3C5FC9D6BCF830ABE4D033EDC5A63F', certificateKinds='(
    "1.2.840.113635.100.6.1.12",
    "1.2.840.113635.100.6.1.2"
), issueDate='2026-02-07 03:31:02 +0000''>', entitlements='(null)', teamID='A8H3U2CM86', identifier='react-native.React', executablePath='<DVTFilePath:0xb005d2880:'/Users/grant/Library/Developer/Xcode/Archives/2026-06-06/MicroSKUApp 6-6-26, 12.51 PM.xcarchive/Products/Applications/MicroSKUApp.app/Frameworks/React.framework/React'>', hardenedRuntime='0'>'>: {
}
2026-06-06 16:51:30 +0000  Associated App Clip Identifiers Filter: Skipping because "com.apple.developer.associated-appclip-app-identifiers" is not present
2026-06-06 16:51:30 +0000  Entitlements for <IDEDistributionItem: 0xb00ab9800; bundleID='react-native.React', path='<DVTFilePath:0xb005d2520:'/Users/grant/Library/Developer/Xcode/Archives/2026-06-06/MicroSKUApp 6-6-26, 12.51 PM.xcarchive/Products/Applications/MicroSKUApp.app/Frameworks/React.framework'>', codeSigningInfo='<_DVTCodeSigningInformation_Path: 0xb00ab9920; isSigned='1', isAdHocSigned='0', signingCertificate='<DVTSigningCertificate: 0xad601a940; name='Apple Development: fortnitegranth@icloud.com (CJRRC3736R)', hash='A4CA865FC3AB0E4C7ABA7377CA8912C5E8E87159', serialNumber='3E3C5FC9D6BCF830ABE4D033EDC5A63F', certificateKinds='(
    "1.2.840.113635.100.6.1.12",
    "1.2.840.113635.100.6.1.2"
), issueDate='2026-02-07 03:31:02 +0000''>', entitlements='(null)', teamID='A8H3U2CM86', identifier='react-native.React', executablePath='<DVTFilePath:0xb005d2880:'/Users/grant/Library/Developer/Xcode/Archives/2026-06-06/MicroSKUApp 6-6-26, 12.51 PM.xcarchive/Products/Applications/MicroSKUApp.app/Frameworks/React.framework/React'>', hardenedRuntime='0'>'> are: {
}
2026-06-06 16:51:30 +0000  Writing entitlements for <IDEDistributionItem: 0xb00ab9800; bundleID='react-native.React', path='<DVTFilePath:0xb005d2520:'/Users/grant/Library/Developer/Xcode/Archives/2026-06-06/MicroSKUApp 6-6-26, 12.51 PM.xcarchive/Products/Applications/MicroSKUApp.app/Frameworks/React.framework'>', codeSigningInfo='<_DVTCodeSigningInformation_Path: 0xb00ab9920; isSigned='1', isAdHocSigned='0', signingCertificate='<DVTSigningCertificate: 0xad601a940; name='Apple Development: fortnitegranth@icloud.com (CJRRC3736R)', hash='A4CA865FC3AB0E4C7ABA7377CA8912C5E8E87159', serialNumber='3E3C5FC9D6BCF830ABE4D033EDC5A63F', certificateKinds='(
    "1.2.840.113635.100.6.1.12",
    "1.2.840.113635.100.6.1.2"
), issueDate='2026-02-07 03:31:02 +0000''>', entitlements='(null)', teamID='A8H3U2CM86', identifier='react-native.React', executablePath='<DVTFilePath:0xb005d2880:'/Users/grant/Library/Developer/Xcode/Archives/2026-06-06/MicroSKUApp 6-6-26, 12.51 PM.xcarchive/Products/Applications/MicroSKUApp.app/Frameworks/React.framework/React'>', hardenedRuntime='0'>'> to: /var/folders/wy/nh2nv5bd0j11j_2rxty94q7m0000gn/T/XcodeDistPipeline.~~~bT4Avl/entitlements~~~gMBqNL
2026-06-06 16:51:30 +0000  invoking codesign: <NSConcreteTask: 0xad6a6b7f0; launchPath='/usr/bin/codesign', arguments='(
    "-f",
    "-s",
    A4CA865FC3AB0E4C7ABA7377CA8912C5E8E87159,
    "--entitlements",
    "/var/folders/wy/nh2nv5bd0j11j_2rxty94q7m0000gn/T/XcodeDistPipeline.~~~bT4Avl/entitlements~~~gMBqNL",
    "--preserve-metadata=identifier,flags,runtime,launch-constraints,library-constraints",
    "--generate-entitlement-der",
    "--strip-disallowed-xattrs",
    "-vvv",
    "/var/folders/wy/nh2nv5bd0j11j_2rxty94q7m0000gn/T/XcodeDistPipeline.~~~bT4Avl/Root/Payload/MicroSKUApp.app/Frameworks/React.framework"
)'>
2026-06-06 16:51:30 +0000  codesign output: /var/folders/wy/nh2nv5bd0j11j_2rxty94q7m0000gn/T/XcodeDistPipeline.~~~bT4Avl/Root/Payload/MicroSKUApp.app/Frameworks/React.framework: replacing existing signature
/var/folders/wy/nh2nv5bd0j11j_2rxty94q7m0000gn/T/XcodeDistPipeline.~~~bT4Avl/Root/Payload/MicroSKUApp.app/Frameworks/React.framework: signed bundle with Mach-O thin (arm64) [react-native.React]
2026-06-06 16:51:30 +0000  Entitlements for <IDEDistributionItem: 0xb00ab8f00; bundleID='third-party.ReactNativeDependencies', path='<DVTFilePath:0xb0053cd00:'/Users/grant/Library/Developer/Xcode/Archives/2026-06-06/MicroSKUApp 6-6-26, 12.51 PM.xcarchive/Products/Applications/MicroSKUApp.app/Frameworks/ReactNativeDependencies.framework'>', codeSigningInfo='<_DVTCodeSigningInformation_Path: 0xb00ab8f60; isSigned='1', isAdHocSigned='0', signingCertificate='<DVTSigningCertificate: 0xad601a040; name='Apple Development: fortnitegranth@icloud.com (CJRRC3736R)', hash='A4CA865FC3AB0E4C7ABA7377CA8912C5E8E87159', serialNumber='3E3C5FC9D6BCF830ABE4D033EDC5A63F', certificateKinds='(
    "1.2.840.113635.100.6.1.12",
    "1.2.840.113635.100.6.1.2"
), issueDate='2026-02-07 03:31:02 +0000''>', entitlements='(null)', teamID='A8H3U2CM86', identifier='third-party.ReactNativeDependencies', executablePath='<DVTFilePath:0xad6a3fd40:'/Users/grant/Library/Developer/Xcode/Archives/2026-06-06/MicroSKUApp 6-6-26, 12.51 PM.xcarchive/Products/Applications/MicroSKUApp.app/Frameworks/ReactNativeDependencies.framework/ReactNativeDependencies'>', hardenedRuntime='0'>'>: {
}
2026-06-06 16:51:30 +0000  Associated App Clip Identifiers Filter: Skipping because "com.apple.developer.associated-appclip-app-identifiers" is not present
2026-06-06 16:51:30 +0000  Entitlements for <IDEDistributionItem: 0xb00ab8f00; bundleID='third-party.ReactNativeDependencies', path='<DVTFilePath:0xb0053cd00:'/Users/grant/Library/Developer/Xcode/Archives/2026-06-06/MicroSKUApp 6-6-26, 12.51 PM.xcarchive/Products/Applications/MicroSKUApp.app/Frameworks/ReactNativeDependencies.framework'>', codeSigningInfo='<_DVTCodeSigningInformation_Path: 0xb00ab8f60; isSigned='1', isAdHocSigned='0', signingCertificate='<DVTSigningCertificate: 0xad601a940; name='Apple Development: fortnitegranth@icloud.com (CJRRC3736R)', hash='A4CA865FC3AB0E4C7ABA7377CA8912C5E8E87159', serialNumber='3E3C5FC9D6BCF830ABE4D033EDC5A63F', certificateKinds='(
    "1.2.840.113635.100.6.1.12",
    "1.2.840.113635.100.6.1.2"
), issueDate='2026-02-07 03:31:02 +0000''>', entitlements='(null)', teamID='A8H3U2CM86', identifier='third-party.ReactNativeDependencies', executablePath='<DVTFilePath:0xad6a3fd40:'/Users/grant/Library/Developer/Xcode/Archives/2026-06-06/MicroSKUApp 6-6-26, 12.51 PM.xcarchive/Products/Applications/MicroSKUApp.app/Frameworks/ReactNativeDependencies.framework/ReactNativeDependencies'>', hardenedRuntime='0'>'> are: {
}
2026-06-06 16:51:30 +0000  Writing entitlements for <IDEDistributionItem: 0xb00ab8f00; bundleID='third-party.ReactNativeDependencies', path='<DVTFilePath:0xb0053cd00:'/Users/grant/Library/Developer/Xcode/Archives/2026-06-06/MicroSKUApp 6-6-26, 12.51 PM.xcarchive/Products/Applications/MicroSKUApp.app/Frameworks/ReactNativeDependencies.framework'>', codeSigningInfo='<_DVTCodeSigningInformation_Path: 0xb00ab8f60; isSigned='1', isAdHocSigned='0', signingCertificate='<DVTSigningCertificate: 0xad601a940; name='Apple Development: fortnitegranth@icloud.com (CJRRC3736R)', hash='A4CA865FC3AB0E4C7ABA7377CA8912C5E8E87159', serialNumber='3E3C5FC9D6BCF830ABE4D033EDC5A63F', certificateKinds='(
    "1.2.840.113635.100.6.1.12",
    "1.2.840.113635.100.6.1.2"
), issueDate='2026-02-07 03:31:02 +0000''>', entitlements='(null)', teamID='A8H3U2CM86', identifier='third-party.ReactNativeDependencies', executablePath='<DVTFilePath:0xad6a3fd40:'/Users/grant/Library/Developer/Xcode/Archives/2026-06-06/MicroSKUApp 6-6-26, 12.51 PM.xcarchive/Products/Applications/MicroSKUApp.app/Frameworks/ReactNativeDependencies.framework/ReactNativeDependencies'>', hardenedRuntime='0'>'> to: /var/folders/wy/nh2nv5bd0j11j_2rxty94q7m0000gn/T/XcodeDistPipeline.~~~bT4Avl/entitlements~~~dfelXD
2026-06-06 16:51:30 +0000  invoking codesign: <NSConcreteTask: 0xad6a6b930; launchPath='/usr/bin/codesign', arguments='(
    "-f",
    "-s",
    A4CA865FC3AB0E4C7ABA7377CA8912C5E8E87159,
    "--entitlements",
    "/var/folders/wy/nh2nv5bd0j11j_2rxty94q7m0000gn/T/XcodeDistPipeline.~~~bT4Avl/entitlements~~~dfelXD",
    "--preserve-metadata=identifier,flags,runtime,launch-constraints,library-constraints",
    "--generate-entitlement-der",
    "--strip-disallowed-xattrs",
    "-vvv",
    "/var/folders/wy/nh2nv5bd0j11j_2rxty94q7m0000gn/T/XcodeDistPipeline.~~~bT4Avl/Root/Payload/MicroSKUApp.app/Frameworks/ReactNativeDependencies.framework"
)'>
2026-06-06 16:51:30 +0000  codesign output: /var/folders/wy/nh2nv5bd0j11j_2rxty94q7m0000gn/T/XcodeDistPipeline.~~~bT4Avl/Root/Payload/MicroSKUApp.app/Frameworks/ReactNativeDependencies.framework: replacing existing signature
/var/folders/wy/nh2nv5bd0j11j_2rxty94q7m0000gn/T/XcodeDistPipeline.~~~bT4Avl/Root/Payload/MicroSKUApp.app/Frameworks/ReactNativeDependencies.framework: signed bundle with Mach-O thin (arm64) [third-party.ReactNativeDependencies]
2026-06-06 16:51:30 +0000  Entitlements for <IDEDistributionItem: 0xb00ab8fc0; bundleID='dev.hermesengine.iphoneos', path='<DVTFilePath:0xad6a3fcd0:'/Users/grant/Library/Developer/Xcode/Archives/2026-06-06/MicroSKUApp 6-6-26, 12.51 PM.xcarchive/Products/Applications/MicroSKUApp.app/Frameworks/hermes.framework'>', codeSigningInfo='<_DVTCodeSigningInformation_Path: 0xb00ab9020; isSigned='1', isAdHocSigned='0', signingCertificate='<DVTSigningCertificate: 0xad601a040; name='Apple Development: fortnitegranth@icloud.com (CJRRC3736R)', hash='A4CA865FC3AB0E4C7ABA7377CA8912C5E8E87159', serialNumber='3E3C5FC9D6BCF830ABE4D033EDC5A63F', certificateKinds='(
    "1.2.840.113635.100.6.1.12",
    "1.2.840.113635.100.6.1.2"
), issueDate='2026-02-07 03:31:02 +0000''>', entitlements='(null)', teamID='A8H3U2CM86', identifier='dev.hermesengine.iphoneos', executablePath='<DVTFilePath:0xb005d23a0:'/Users/grant/Library/Developer/Xcode/Archives/2026-06-06/MicroSKUApp 6-6-26, 12.51 PM.xcarchive/Products/Applications/MicroSKUApp.app/Frameworks/hermes.framework/hermes'>', hardenedRuntime='0'>'>: {
}
2026-06-06 16:51:30 +0000  Associated App Clip Identifiers Filter: Skipping because "com.apple.developer.associated-appclip-app-identifiers" is not present
2026-06-06 16:51:30 +0000  Entitlements for <IDEDistributionItem: 0xb00ab8fc0; bundleID='dev.hermesengine.iphoneos', path='<DVTFilePath:0xad6a3fcd0:'/Users/grant/Library/Developer/Xcode/Archives/2026-06-06/MicroSKUApp 6-6-26, 12.51 PM.xcarchive/Products/Applications/MicroSKUApp.app/Frameworks/hermes.framework'>', codeSigningInfo='<_DVTCodeSigningInformation_Path: 0xb00ab9020; isSigned='1', isAdHocSigned='0', signingCertificate='<DVTSigningCertificate: 0xad601a940; name='Apple Development: fortnitegranth@icloud.com (CJRRC3736R)', hash='A4CA865FC3AB0E4C7ABA7377CA8912C5E8E87159', serialNumber='3E3C5FC9D6BCF830ABE4D033EDC5A63F', certificateKinds='(
    "1.2.840.113635.100.6.1.12",
    "1.2.840.113635.100.6.1.2"
), issueDate='2026-02-07 03:31:02 +0000''>', entitlements='(null)', teamID='A8H3U2CM86', identifier='dev.hermesengine.iphoneos', executablePath='<DVTFilePath:0xb005d23a0:'/Users/grant/Library/Developer/Xcode/Archives/2026-06-06/MicroSKUApp 6-6-26, 12.51 PM.xcarchive/Products/Applications/MicroSKUApp.app/Frameworks/hermes.framework/hermes'>', hardenedRuntime='0'>'> are: {
}
2026-06-06 16:51:30 +0000  Writing entitlements for <IDEDistributionItem: 0xb00ab8fc0; bundleID='dev.hermesengine.iphoneos', path='<DVTFilePath:0xad6a3fcd0:'/Users/grant/Library/Developer/Xcode/Archives/2026-06-06/MicroSKUApp 6-6-26, 12.51 PM.xcarchive/Products/Applications/MicroSKUApp.app/Frameworks/hermes.framework'>', codeSigningInfo='<_DVTCodeSigningInformation_Path: 0xb00ab9020; isSigned='1', isAdHocSigned='0', signingCertificate='<DVTSigningCertificate: 0xad601a940; name='Apple Development: fortnitegranth@icloud.com (CJRRC3736R)', hash='A4CA865FC3AB0E4C7ABA7377CA8912C5E8E87159', serialNumber='3E3C5FC9D6BCF830ABE4D033EDC5A63F', certificateKinds='(
    "1.2.840.113635.100.6.1.12",
    "1.2.840.113635.100.6.1.2"
), issueDate='2026-02-07 03:31:02 +0000''>', entitlements='(null)', teamID='A8H3U2CM86', identifier='dev.hermesengine.iphoneos', executablePath='<DVTFilePath:0xb005d23a0:'/Users/grant/Library/Developer/Xcode/Archives/2026-06-06/MicroSKUApp 6-6-26, 12.51 PM.xcarchive/Products/Applications/MicroSKUApp.app/Frameworks/hermes.framework/hermes'>', hardenedRuntime='0'>'> to: /var/folders/wy/nh2nv5bd0j11j_2rxty94q7m0000gn/T/XcodeDistPipeline.~~~bT4Avl/entitlements~~~LQWiCv
2026-06-06 16:51:30 +0000  invoking codesign: <NSConcreteTask: 0xad6a6b930; launchPath='/usr/bin/codesign', arguments='(
    "-f",
    "-s",
    A4CA865FC3AB0E4C7ABA7377CA8912C5E8E87159,
    "--entitlements",
    "/var/folders/wy/nh2nv5bd0j11j_2rxty94q7m0000gn/T/XcodeDistPipeline.~~~bT4Avl/entitlements~~~LQWiCv",
    "--preserve-metadata=identifier,flags,runtime,launch-constraints,library-constraints",
    "--generate-entitlement-der",
    "--strip-disallowed-xattrs",
    "-vvv",
    "/var/folders/wy/nh2nv5bd0j11j_2rxty94q7m0000gn/T/XcodeDistPipeline.~~~bT4Avl/Root/Payload/MicroSKUApp.app/Frameworks/hermes.framework"
)'>
2026-06-06 16:51:30 +0000  codesign output: /var/folders/wy/nh2nv5bd0j11j_2rxty94q7m0000gn/T/XcodeDistPipeline.~~~bT4Avl/Root/Payload/MicroSKUApp.app/Frameworks/hermes.framework: replacing existing signature
/var/folders/wy/nh2nv5bd0j11j_2rxty94q7m0000gn/T/XcodeDistPipeline.~~~bT4Avl/Root/Payload/MicroSKUApp.app/Frameworks/hermes.framework: signed bundle with Mach-O thin (arm64) [dev.hermesengine.iphoneos]
2026-06-06 16:51:30 +0000  Entitlements for <IDEDistributionItem: 0xb00ab91a0; bundleID='com.microscraper.app', path='<DVTFilePath:0xb00538c60:'/Users/grant/Library/Developer/Xcode/Archives/2026-06-06/MicroSKUApp 6-6-26, 12.51 PM.xcarchive/Products/Applications/MicroSKUApp.app'>', codeSigningInfo='<_DVTCodeSigningInformation_Path: 0xb00ab92c0; isSigned='1', isAdHocSigned='0', signingCertificate='<DVTSigningCertificate: 0xad601a040; name='Apple Development: fortnitegranth@icloud.com (CJRRC3736R)', hash='A4CA865FC3AB0E4C7ABA7377CA8912C5E8E87159', serialNumber='3E3C5FC9D6BCF830ABE4D033EDC5A63F', certificateKinds='(
    "1.2.840.113635.100.6.1.12",
    "1.2.840.113635.100.6.1.2"
), issueDate='2026-02-07 03:31:02 +0000''>', entitlements='{
    "application-identifier" = "A8H3U2CM86.com.microscraper.app";
    "com.apple.developer.team-identifier" = A8H3U2CM86;
    "get-task-allow" = 1;
}', teamID='A8H3U2CM86', identifier='com.microscraper.app', executablePath='<DVTFilePath:0xb00513480:'/Users/grant/Library/Developer/Xcode/Archives/2026-06-06/MicroSKUApp 6-6-26, 12.51 PM.xcarchive/Products/Applications/MicroSKUApp.app/MicroSKUApp'>', hardenedRuntime='0'>'>: {
    "application-identifier" = "A8H3U2CM86.com.microscraper.app";
    "com.apple.developer.team-identifier" = A8H3U2CM86;
    "get-task-allow" = 1;
}
2026-06-06 16:51:30 +0000  Associated App Clip Identifiers Filter: Skipping because "com.apple.developer.associated-appclip-app-identifiers" is not present
2026-06-06 16:51:30 +0000  Entitlements for <IDEDistributionItem: 0xb00ab91a0; bundleID='com.microscraper.app', path='<DVTFilePath:0xb00538c60:'/Users/grant/Library/Developer/Xcode/Archives/2026-06-06/MicroSKUApp 6-6-26, 12.51 PM.xcarchive/Products/Applications/MicroSKUApp.app'>', codeSigningInfo='<_DVTCodeSigningInformation_Path: 0xb00ab92c0; isSigned='1', isAdHocSigned='0', signingCertificate='<DVTSigningCertificate: 0xad601a940; name='Apple Development: fortnitegranth@icloud.com (CJRRC3736R)', hash='A4CA865FC3AB0E4C7ABA7377CA8912C5E8E87159', serialNumber='3E3C5FC9D6BCF830ABE4D033EDC5A63F', certificateKinds='(
    "1.2.840.113635.100.6.1.12",
    "1.2.840.113635.100.6.1.2"
), issueDate='2026-02-07 03:31:02 +0000''>', entitlements='{
    "application-identifier" = "A8H3U2CM86.com.microscraper.app";
    "com.apple.developer.team-identifier" = A8H3U2CM86;
    "get-task-allow" = 1;
}', teamID='A8H3U2CM86', identifier='com.microscraper.app', executablePath='<DVTFilePath:0xb00513480:'/Users/grant/Library/Developer/Xcode/Archives/2026-06-06/MicroSKUApp 6-6-26, 12.51 PM.xcarchive/Products/Applications/MicroSKUApp.app/MicroSKUApp'>', hardenedRuntime='0'>'> are: {
    "application-identifier" = "A8H3U2CM86.com.microscraper.app";
    "com.apple.developer.team-identifier" = A8H3U2CM86;
    "get-task-allow" = 1;
}
2026-06-06 16:51:30 +0000  Writing entitlements for <IDEDistributionItem: 0xb00ab91a0; bundleID='com.microscraper.app', path='<DVTFilePath:0xb00538c60:'/Users/grant/Library/Developer/Xcode/Archives/2026-06-06/MicroSKUApp 6-6-26, 12.51 PM.xcarchive/Products/Applications/MicroSKUApp.app'>', codeSigningInfo='<_DVTCodeSigningInformation_Path: 0xb00ab92c0; isSigned='1', isAdHocSigned='0', signingCertificate='<DVTSigningCertificate: 0xad601a940; name='Apple Development: fortnitegranth@icloud.com (CJRRC3736R)', hash='A4CA865FC3AB0E4C7ABA7377CA8912C5E8E87159', serialNumber='3E3C5FC9D6BCF830ABE4D033EDC5A63F', certificateKinds='(
    "1.2.840.113635.100.6.1.12",
    "1.2.840.113635.100.6.1.2"
), issueDate='2026-02-07 03:31:02 +0000''>', entitlements='{
    "application-identifier" = "A8H3U2CM86.com.microscraper.app";
    "com.apple.developer.team-identifier" = A8H3U2CM86;
    "get-task-allow" = 1;
}', teamID='A8H3U2CM86', identifier='com.microscraper.app', executablePath='<DVTFilePath:0xb00513480:'/Users/grant/Library/Developer/Xcode/Archives/2026-06-06/MicroSKUApp 6-6-26, 12.51 PM.xcarchive/Products/Applications/MicroSKUApp.app/MicroSKUApp'>', hardenedRuntime='0'>'> to: /var/folders/wy/nh2nv5bd0j11j_2rxty94q7m0000gn/T/XcodeDistPipeline.~~~bT4Avl/entitlements~~~kgCAVS
2026-06-06 16:51:30 +0000  invoking codesign: <NSConcreteTask: 0xad6a6b930; launchPath='/usr/bin/codesign', arguments='(
    "-f",
    "-s",
    A4CA865FC3AB0E4C7ABA7377CA8912C5E8E87159,
    "--entitlements",
    "/var/folders/wy/nh2nv5bd0j11j_2rxty94q7m0000gn/T/XcodeDistPipeline.~~~bT4Avl/entitlements~~~kgCAVS",
    "--preserve-metadata=identifier,flags,runtime,launch-constraints,library-constraints",
    "--generate-entitlement-der",
    "--strip-disallowed-xattrs",
    "-vvv",
    "/var/folders/wy/nh2nv5bd0j11j_2rxty94q7m0000gn/T/XcodeDistPipeline.~~~bT4Avl/Root/Payload/MicroSKUApp.app"
)'>
2026-06-06 16:51:30 +0000  codesign output: /var/folders/wy/nh2nv5bd0j11j_2rxty94q7m0000gn/T/XcodeDistPipeline.~~~bT4Avl/Root/Payload/MicroSKUApp.app: replacing existing signature
/var/folders/wy/nh2nv5bd0j11j_2rxty94q7m0000gn/T/XcodeDistPipeline.~~~bT4Avl/Root/Payload/MicroSKUApp.app: signed app bundle with Mach-O thin (arm64) [com.microscraper.app]
2026-06-06 16:51:30 +0000  Processing step: IDEDistributionZipODRItemStep
2026-06-06 16:51:30 +0000  Skipping step: IDEDistributionZipODRItemStep because it said so
2026-06-06 16:51:30 +0000  Skipping step: IDEDistributionZipODRItemStep because it said so
2026-06-06 16:51:30 +0000  Skipping step: IDEDistributionZipODRItemStep because it said so
2026-06-06 16:51:30 +0000  Skipping step: IDEDistributionZipODRItemStep because it said so
2026-06-06 16:51:30 +0000  Processing step: IDEDistributionCreateIPAStep
2026-06-06 16:51:30 +0000  Running /usr/bin/ditto '-V' '-c' '-k' '--norsrc' '/var/folders/wy/nh2nv5bd0j11j_2rxty94q7m0000gn/T/XcodeDistPipeline.~~~bT4Avl/Root' '/var/folders/wy/nh2nv5bd0j11j_2rxty94q7m0000gn/T/XcodeDistPipeline.~~~bT4Avl/Packages/MicroSKUApp.ipa'
2026-06-06 16:51:30 +0000  >>> Copying /var/folders/wy/nh2nv5bd0j11j_2rxty94q7m0000gn/T/XcodeDistPipeline.~~~bT4Avl/Root 
2026-06-06 16:51:30 +0000  copying file ./Payload/MicroSKUApp.app/_CodeSignature/CodeResources ... 
2026-06-06 16:51:30 +0000  37799 bytes for ./Payload/MicroSKUApp.app/_CodeSignature/CodeResources
2026-06-06 16:51:30 +0000  copying file ./Payload/MicroSKUApp.app/SplashScreen.storyboardc/EXPO-VIEWCONTROLLER-1-view-EXPO-ContainerView.nib ... 
2026-06-06 16:51:30 +0000  2024 bytes for ./Payload/MicroSKUApp.app/SplashScreen.storyboardc/EXPO-VIEWCONTROLLER-1-view-EXPO-ContainerView.nib
copying file ./Payload/MicroSKUApp.app/SplashScreen.storyboardc/SplashScreenViewController.nib ... 
2026-06-06 16:51:30 +0000  1004 bytes for ./Payload/MicroSKUApp.app/SplashScreen.storyboardc/SplashScreenViewController.nib
copying file ./Payload/MicroSKUApp.app/SplashScreen.storyboardc/Info.plist ... 
2026-06-06 16:51:30 +0000  225 bytes for ./Payload/MicroSKUApp.app/SplashScreen.storyboardc/Info.plist
2026-06-06 16:51:30 +0000  copying file ./Payload/MicroSKUApp.app/MicroSKUApp ... 
2026-06-06 16:51:30 +0000  7899760 bytes for ./Payload/MicroSKUApp.app/MicroSKUApp
2026-06-06 16:51:30 +0000  copying file ./Payload/MicroSKUApp.app/ExpoSystemUI_privacy.bundle/PrivacyInfo.xcprivacy ... 
607 bytes for ./Payload/MicroSKUApp.app/ExpoSystemUI_privacy.bundle/PrivacyInfo.xcprivacy
copying file ./Payload/MicroSKUApp.app/ExpoSystemUI_privacy.bundle/Info.plist ... 
2026-06-06 16:51:30 +0000  787 bytes for ./Payload/MicroSKUApp.app/ExpoSystemUI_privacy.bundle/Info.plist
copying file ./Payload/MicroSKUApp.app/AppIcon60x60@2x.png ... 
2026-06-06 16:51:30 +0000  6650 bytes for ./Payload/MicroSKUApp.app/AppIcon60x60@2x.png
2026-06-06 16:51:30 +0000  copying file ./Payload/MicroSKUApp.app/ExpoConstants_privacy.bundle/PrivacyInfo.xcprivacy ... 
2026-06-06 16:51:30 +0000  607 bytes for ./Payload/MicroSKUApp.app/ExpoConstants_privacy.bundle/PrivacyInfo.xcprivacy
copying file ./Payload/MicroSKUApp.app/ExpoConstants_privacy.bundle/Info.plist ... 
2026-06-06 16:51:30 +0000  791 bytes for ./Payload/MicroSKUApp.app/ExpoConstants_privacy.bundle/Info.plist
2026-06-06 16:51:30 +0000  copying file ./Payload/MicroSKUApp.app/React-cxxreact_privacy.bundle/PrivacyInfo.xcprivacy ... 
2026-06-06 16:51:30 +0000  552 bytes for ./Payload/MicroSKUApp.app/React-cxxreact_privacy.bundle/PrivacyInfo.xcprivacy
copying file ./Payload/MicroSKUApp.app/React-cxxreact_privacy.bundle/Info.plist ... 
2026-06-06 16:51:30 +0000  792 bytes for ./Payload/MicroSKUApp.app/React-cxxreact_privacy.bundle/Info.plist
copying file ./Payload/MicroSKUApp.app/Assets.car ... 
2026-06-06 16:51:30 +0000  147128 bytes for ./Payload/MicroSKUApp.app/Assets.car
2026-06-06 16:51:30 +0000  copying file ./Payload/MicroSKUApp.app/AppIcon76x76@2x~ipad.png ... 
2026-06-06 16:51:30 +0000  8485 bytes for ./Payload/MicroSKUApp.app/AppIcon76x76@2x~ipad.png
2026-06-06 16:51:30 +0000  copying file ./Payload/MicroSKUApp.app/main.jsbundle ... 
2026-06-06 16:51:31 +0000  5231851 bytes for ./Payload/MicroSKUApp.app/main.jsbundle
2026-06-06 16:51:31 +0000  copying file ./Payload/MicroSKUApp.app/EXConstants.bundle/app.config ... 
1459 bytes for ./Payload/MicroSKUApp.app/EXConstants.bundle/app.config
copying file ./Payload/MicroSKUApp.app/EXConstants.bundle/Info.plist ... 
769 bytes for ./Payload/MicroSKUApp.app/EXConstants.bundle/Info.plist
copying file ./Payload/MicroSKUApp.app/SDWebImage.bundle/PrivacyInfo.xcprivacy ... 
599 bytes for ./Payload/MicroSKUApp.app/SDWebImage.bundle/PrivacyInfo.xcprivacy
copying file ./Payload/MicroSKUApp.app/SDWebImage.bundle/Info.plist ... 
765 bytes for ./Payload/MicroSKUApp.app/SDWebImage.bundle/Info.plist
2026-06-06 16:51:31 +0000  copying file ./Payload/MicroSKUApp.app/PrivacyInfo.xcprivacy ... 
1283 bytes for ./Payload/MicroSKUApp.app/PrivacyInfo.xcprivacy
2026-06-06 16:51:31 +0000  copying file ./Payload/MicroSKUApp.app/ExpoFileSystem_privacy.bundle/PrivacyInfo.xcprivacy ... 
877 bytes for ./Payload/MicroSKUApp.app/ExpoFileSystem_privacy.bundle/PrivacyInfo.xcprivacy
2026-06-06 16:51:31 +0000  copying file ./Payload/MicroSKUApp.app/ExpoFileSystem_privacy.bundle/Info.plist ... 
2026-06-06 16:51:31 +0000  793 bytes for ./Payload/MicroSKUApp.app/ExpoFileSystem_privacy.bundle/Info.plist
2026-06-06 16:51:31 +0000  copying file ./Payload/MicroSKUApp.app/Frameworks/React.framework/_CodeSignature/CodeResources ... 
2026-06-06 16:51:31 +0000  1798 bytes for ./Payload/MicroSKUApp.app/Frameworks/React.framework/_CodeSignature/CodeResources
2026-06-06 16:51:31 +0000  copying file ./Payload/MicroSKUApp.app/Frameworks/React.framework/React ... 
2026-06-06 16:51:31 +0000  11306576 bytes for ./Payload/MicroSKUApp.app/Frameworks/React.framework/React
2026-06-06 16:51:31 +0000  copying file ./Payload/MicroSKUApp.app/Frameworks/React.framework/Info.plist ... 
749 bytes for ./Payload/MicroSKUApp.app/Frameworks/React.framework/Info.plist
2026-06-06 16:51:31 +0000  copying file ./Payload/MicroSKUApp.app/Frameworks/ReactNativeDependencies.framework/_CodeSignature/CodeResources ... 
2026-06-06 16:51:31 +0000  3548 bytes for ./Payload/MicroSKUApp.app/Frameworks/ReactNativeDependencies.framework/_CodeSignature/CodeResources
copying file ./Payload/MicroSKUApp.app/Frameworks/ReactNativeDependencies.framework/ReactNativeDependencies_folly.bundle/PrivacyInfo.xcprivacy ... 
2026-06-06 16:51:31 +0000  552 bytes for ./Payload/MicroSKUApp.app/Frameworks/ReactNativeDependencies.framework/ReactNativeDependencies_folly.bundle/PrivacyInfo.xcprivacy
copying file ./Payload/MicroSKUApp.app/Frameworks/ReactNativeDependencies.framework/ReactNativeDependencies_folly.bundle/Info.plist ... 
2026-06-06 16:51:31 +0000  690 bytes for ./Payload/MicroSKUApp.app/Frameworks/ReactNativeDependencies.framework/ReactNativeDependencies_folly.bundle/Info.plist
copying file ./Payload/MicroSKUApp.app/Frameworks/ReactNativeDependencies.framework/ReactNativeDependencies ... 
2026-06-06 16:51:31 +0000  1279904 bytes for ./Payload/MicroSKUApp.app/Frameworks/ReactNativeDependencies.framework/ReactNativeDependencies
2026-06-06 16:51:31 +0000  copying file ./Payload/MicroSKUApp.app/Frameworks/ReactNativeDependencies.framework/ReactNativeDependencies_glog.bundle/PrivacyInfo.xcprivacy ... 
552 bytes for ./Payload/MicroSKUApp.app/Frameworks/ReactNativeDependencies.framework/ReactNativeDependencies_glog.bundle/PrivacyInfo.xcprivacy
copying file ./Payload/MicroSKUApp.app/Frameworks/ReactNativeDependencies.framework/ReactNativeDependencies_glog.bundle/Info.plist ... 
2026-06-06 16:51:31 +0000  688 bytes for ./Payload/MicroSKUApp.app/Frameworks/ReactNativeDependencies.framework/ReactNativeDependencies_glog.bundle/Info.plist
2026-06-06 16:51:31 +0000  copying file ./Payload/MicroSKUApp.app/Frameworks/ReactNativeDependencies.framework/ReactNativeDependencies_boost.bundle/PrivacyInfo.xcprivacy ... 
2026-06-06 16:51:31 +0000  776 bytes for ./Payload/MicroSKUApp.app/Frameworks/ReactNativeDependencies.framework/ReactNativeDependencies_boost.bundle/PrivacyInfo.xcprivacy
copying file ./Payload/MicroSKUApp.app/Frameworks/ReactNativeDependencies.framework/ReactNativeDependencies_boost.bundle/Info.plist ... 
2026-06-06 16:51:31 +0000  690 bytes for ./Payload/MicroSKUApp.app/Frameworks/ReactNativeDependencies.framework/ReactNativeDependencies_boost.bundle/Info.plist
2026-06-06 16:51:31 +0000  copying file ./Payload/MicroSKUApp.app/Frameworks/ReactNativeDependencies.framework/Info.plist ... 
2026-06-06 16:51:31 +0000  782 bytes for ./Payload/MicroSKUApp.app/Frameworks/ReactNativeDependencies.framework/Info.plist
2026-06-06 16:51:31 +0000  copying file ./Payload/MicroSKUApp.app/Frameworks/hermes.framework/_CodeSignature/CodeResources ... 
2026-06-06 16:51:31 +0000  1798 bytes for ./Payload/MicroSKUApp.app/Frameworks/hermes.framework/_CodeSignature/CodeResources
2026-06-06 16:51:31 +0000  copying file ./Payload/MicroSKUApp.app/Frameworks/hermes.framework/hermes ... 
2026-06-06 16:51:31 +0000  4728080 bytes for ./Payload/MicroSKUApp.app/Frameworks/hermes.framework/hermes
2026-06-06 16:51:31 +0000  copying file ./Payload/MicroSKUApp.app/Frameworks/hermes.framework/Info.plist ... 
859 bytes for ./Payload/MicroSKUApp.app/Frameworks/hermes.framework/Info.plist
copying file ./Payload/MicroSKUApp.app/embedded.mobileprovision ... 
2026-06-06 16:51:31 +0000  18570 bytes for ./Payload/MicroSKUApp.app/embedded.mobileprovision
2026-06-06 16:51:31 +0000  copying file ./Payload/MicroSKUApp.app/assets/node_modules/@react-navigation/elements/lib/module/assets/back-icon@3x.png ... 
2026-06-06 16:51:31 +0000  761 bytes for ./Payload/MicroSKUApp.app/assets/node_modules/@react-navigation/elements/lib/module/assets/back-icon@3x.png
2026-06-06 16:51:31 +0000  copying file ./Payload/MicroSKUApp.app/assets/node_modules/@react-navigation/elements/lib/module/assets/back-icon@2x.png ... 
405 bytes for ./Payload/MicroSKUApp.app/assets/node_modules/@react-navigation/elements/lib/module/assets/back-icon@2x.png
2026-06-06 16:51:31 +0000  copying file ./Payload/MicroSKUApp.app/assets/node_modules/@react-navigation/elements/lib/module/assets/search-icon@2x.png ... 
589 bytes for ./Payload/MicroSKUApp.app/assets/node_modules/@react-navigation/elements/lib/module/assets/search-icon@2x.png
copying file ./Payload/MicroSKUApp.app/assets/node_modules/@react-navigation/elements/lib/module/assets/clear-icon@3x.png ... 
2026-06-06 16:51:31 +0000  502 bytes for ./Payload/MicroSKUApp.app/assets/node_modules/@react-navigation/elements/lib/module/assets/clear-icon@3x.png
2026-06-06 16:51:31 +0000  copying file ./Payload/MicroSKUApp.app/assets/node_modules/@react-navigation/elements/lib/module/assets/back-icon.png ... 
290 bytes for ./Payload/MicroSKUApp.app/assets/node_modules/@react-navigation/elements/lib/module/assets/back-icon.png
2026-06-06 16:51:31 +0000  copying file ./Payload/MicroSKUApp.app/assets/node_modules/@react-navigation/elements/lib/module/assets/clear-icon@2x.png ... 
334 bytes for ./Payload/MicroSKUApp.app/assets/node_modules/@react-navigation/elements/lib/module/assets/clear-icon@2x.png
2026-06-06 16:51:31 +0000  copying file ./Payload/MicroSKUApp.app/assets/node_modules/@react-navigation/elements/lib/module/assets/search-icon@3x.png ... 
2026-06-06 16:51:31 +0000  839 bytes for ./Payload/MicroSKUApp.app/assets/node_modules/@react-navigation/elements/lib/module/assets/search-icon@3x.png
copying file ./Payload/MicroSKUApp.app/assets/node_modules/@react-navigation/elements/lib/module/assets/close-icon.png ... 
2026-06-06 16:51:31 +0000  141 bytes for ./Payload/MicroSKUApp.app/assets/node_modules/@react-navigation/elements/lib/module/assets/close-icon.png
2026-06-06 16:51:31 +0000  copying file ./Payload/MicroSKUApp.app/assets/node_modules/@react-navigation/elements/lib/module/assets/back-icon-mask.png ... 
2026-06-06 16:51:31 +0000  653 bytes for ./Payload/MicroSKUApp.app/assets/node_modules/@react-navigation/elements/lib/module/assets/back-icon-mask.png
copying file ./Payload/MicroSKUApp.app/assets/node_modules/@react-navigation/elements/lib/module/assets/close-icon@2x.png ... 
2026-06-06 16:51:31 +0000  201 bytes for ./Payload/MicroSKUApp.app/assets/node_modules/@react-navigation/elements/lib/module/assets/close-icon@2x.png
2026-06-06 16:51:31 +0000  copying file ./Payload/MicroSKUApp.app/assets/node_modules/@react-navigation/elements/lib/module/assets/close-icon@3x.png ... 
2026-06-06 16:51:31 +0000  266 bytes for ./Payload/MicroSKUApp.app/assets/node_modules/@react-navigation/elements/lib/module/assets/close-icon@3x.png
copying file ./Payload/MicroSKUApp.app/assets/node_modules/@react-navigation/elements/lib/module/assets/clear-icon.png ... 
2026-06-06 16:51:31 +0000  220 bytes for ./Payload/MicroSKUApp.app/assets/node_modules/@react-navigation/elements/lib/module/assets/clear-icon.png
2026-06-06 16:51:31 +0000  copying file ./Payload/MicroSKUApp.app/assets/node_modules/@react-navigation/elements/lib/module/assets/search-icon.png ... 
317 bytes for ./Payload/MicroSKUApp.app/assets/node_modules/@react-navigation/elements/lib/module/assets/search-icon.png
2026-06-06 16:51:31 +0000  copying file ./Payload/MicroSKUApp.app/assets/node_modules/@expo/vector-icons/build/vendor/react-native-vector-icons/Fonts/Fontisto.ttf ... 
2026-06-06 16:51:31 +0000  313528 bytes for ./Payload/MicroSKUApp.app/assets/node_modules/@expo/vector-icons/build/vendor/react-native-vector-icons/Fonts/Fontisto.ttf
2026-06-06 16:51:31 +0000  copying file ./Payload/MicroSKUApp.app/assets/node_modules/@expo/vector-icons/build/vendor/react-native-vector-icons/Fonts/Octicons.ttf ... 
2026-06-06 16:51:31 +0000  69436 bytes for ./Payload/MicroSKUApp.app/assets/node_modules/@expo/vector-icons/build/vendor/react-native-vector-icons/Fonts/Octicons.ttf
2026-06-06 16:51:31 +0000  copying file ./Payload/MicroSKUApp.app/assets/node_modules/@expo/vector-icons/build/vendor/react-native-vector-icons/Fonts/Feather.ttf ... 
2026-06-06 16:51:31 +0000  55596 bytes for ./Payload/MicroSKUApp.app/assets/node_modules/@expo/vector-icons/build/vendor/react-native-vector-icons/Fonts/Feather.ttf
2026-06-06 16:51:31 +0000  copying file ./Payload/MicroSKUApp.app/assets/node_modules/@expo/vector-icons/build/vendor/react-native-vector-icons/Fonts/FontAwesome6_Regular.ttf ... 
2026-06-06 16:51:31 +0000  67976 bytes for ./Payload/MicroSKUApp.app/assets/node_modules/@expo/vector-icons/build/vendor/react-native-vector-icons/Fonts/FontAwesome6_Regular.ttf
2026-06-06 16:51:31 +0000  copying file ./Payload/MicroSKUApp.app/assets/node_modules/@expo/vector-icons/build/vendor/react-native-vector-icons/Fonts/Entypo.ttf ... 
2026-06-06 16:51:31 +0000  66200 bytes for ./Payload/MicroSKUApp.app/assets/node_modules/@expo/vector-icons/build/vendor/react-native-vector-icons/Fonts/Entypo.ttf
2026-06-06 16:51:31 +0000  copying file ./Payload/MicroSKUApp.app/assets/node_modules/@expo/vector-icons/build/vendor/react-native-vector-icons/Fonts/FontAwesome5_Brands.ttf ... 
2026-06-06 16:51:31 +0000  134040 bytes for ./Payload/MicroSKUApp.app/assets/node_modules/@expo/vector-icons/build/vendor/react-native-vector-icons/Fonts/FontAwesome5_Brands.ttf
2026-06-06 16:51:31 +0000  copying file ./Payload/MicroSKUApp.app/assets/node_modules/@expo/vector-icons/build/vendor/react-native-vector-icons/Fonts/MaterialCommunityIcons.ttf ... 
2026-06-06 16:51:31 +0000  1307660 bytes for ./Payload/MicroSKUApp.app/assets/node_modules/@expo/vector-icons/build/vendor/react-native-vector-icons/Fonts/MaterialCommunityIcons.ttf
2026-06-06 16:51:31 +0000  copying file ./Payload/MicroSKUApp.app/assets/node_modules/@expo/vector-icons/build/vendor/react-native-vector-icons/Fonts/AntDesign.ttf ... 
2026-06-06 16:51:31 +0000  130484 bytes for ./Payload/MicroSKUApp.app/assets/node_modules/@expo/vector-icons/build/vendor/react-native-vector-icons/Fonts/AntDesign.ttf
2026-06-06 16:51:31 +0000  copying file ./Payload/MicroSKUApp.app/assets/node_modules/@expo/vector-icons/build/vendor/react-native-vector-icons/Fonts/Foundation.ttf ... 
2026-06-06 16:51:31 +0000  56976 bytes for ./Payload/MicroSKUApp.app/assets/node_modules/@expo/vector-icons/build/vendor/react-native-vector-icons/Fonts/Foundation.ttf
2026-06-06 16:51:31 +0000  copying file ./Payload/MicroSKUApp.app/assets/node_modules/@expo/vector-icons/build/vendor/react-native-vector-icons/Fonts/Ionicons.ttf ... 
2026-06-06 16:51:31 +0000  389724 bytes for ./Payload/MicroSKUApp.app/assets/node_modules/@expo/vector-icons/build/vendor/react-native-vector-icons/Fonts/Ionicons.ttf
2026-06-06 16:51:31 +0000  copying file ./Payload/MicroSKUApp.app/assets/node_modules/@expo/vector-icons/build/vendor/react-native-vector-icons/Fonts/FontAwesome5_Solid.ttf ... 
2026-06-06 16:51:31 +0000  202744 bytes for ./Payload/MicroSKUApp.app/assets/node_modules/@expo/vector-icons/build/vendor/react-native-vector-icons/Fonts/FontAwesome5_Solid.ttf
2026-06-06 16:51:31 +0000  copying file ./Payload/MicroSKUApp.app/assets/node_modules/@expo/vector-icons/build/vendor/react-native-vector-icons/Fonts/FontAwesome5_Regular.ttf ... 
2026-06-06 16:51:31 +0000  33736 bytes for ./Payload/MicroSKUApp.app/assets/node_modules/@expo/vector-icons/build/vendor/react-native-vector-icons/Fonts/FontAwesome5_Regular.ttf
copying file ./Payload/MicroSKUApp.app/assets/node_modules/@expo/vector-icons/build/vendor/react-native-vector-icons/Fonts/FontAwesome.ttf ... 
2026-06-06 16:51:31 +0000  165548 bytes for ./Payload/MicroSKUApp.app/assets/node_modules/@expo/vector-icons/build/vendor/react-native-vector-icons/Fonts/FontAwesome.ttf
2026-06-06 16:51:31 +0000  copying file ./Payload/MicroSKUApp.app/assets/node_modules/@expo/vector-icons/build/vendor/react-native-vector-icons/Fonts/Zocial.ttf ... 
2026-06-06 16:51:31 +0000  25788 bytes for ./Payload/MicroSKUApp.app/assets/node_modules/@expo/vector-icons/build/vendor/react-native-vector-icons/Fonts/Zocial.ttf
2026-06-06 16:51:31 +0000  copying file ./Payload/MicroSKUApp.app/assets/node_modules/@expo/vector-icons/build/vendor/react-native-vector-icons/Fonts/EvilIcons.ttf ... 
2026-06-06 16:51:31 +0000  13456 bytes for ./Payload/MicroSKUApp.app/assets/node_modules/@expo/vector-icons/build/vendor/react-native-vector-icons/Fonts/EvilIcons.ttf
2026-06-06 16:51:31 +0000  copying file ./Payload/MicroSKUApp.app/assets/node_modules/@expo/vector-icons/build/vendor/react-native-vector-icons/Fonts/FontAwesome6_Solid.ttf ... 
2026-06-06 16:51:31 +0000  423676 bytes for ./Payload/MicroSKUApp.app/assets/node_modules/@expo/vector-icons/build/vendor/react-native-vector-icons/Fonts/FontAwesome6_Solid.ttf
2026-06-06 16:51:31 +0000  copying file ./Payload/MicroSKUApp.app/assets/node_modules/@expo/vector-icons/build/vendor/react-native-vector-icons/Fonts/SimpleLineIcons.ttf ... 
2026-06-06 16:51:31 +0000  54056 bytes for ./Payload/MicroSKUApp.app/assets/node_modules/@expo/vector-icons/build/vendor/react-native-vector-icons/Fonts/SimpleLineIcons.ttf
2026-06-06 16:51:31 +0000  copying file ./Payload/MicroSKUApp.app/assets/node_modules/@expo/vector-icons/build/vendor/react-native-vector-icons/Fonts/FontAwesome6_Brands.ttf ... 
2026-06-06 16:51:31 +0000  209376 bytes for ./Payload/MicroSKUApp.app/assets/node_modules/@expo/vector-icons/build/vendor/react-native-vector-icons/Fonts/FontAwesome6_Brands.ttf
2026-06-06 16:51:31 +0000  copying file ./Payload/MicroSKUApp.app/assets/node_modules/@expo/vector-icons/build/vendor/react-native-vector-icons/Fonts/MaterialIcons.ttf ... 
2026-06-06 16:51:31 +0000  356840 bytes for ./Payload/MicroSKUApp.app/assets/node_modules/@expo/vector-icons/build/vendor/react-native-vector-icons/Fonts/MaterialIcons.ttf
2026-06-06 16:51:31 +0000  copying file ./Payload/MicroSKUApp.app/assets/node_modules/expo-router/assets/pkg.png ... 
2026-06-06 16:51:31 +0000  364 bytes for ./Payload/MicroSKUApp.app/assets/node_modules/expo-router/assets/pkg.png
2026-06-06 16:51:31 +0000  copying file ./Payload/MicroSKUApp.app/assets/node_modules/expo-router/assets/unmatched.png ... 
2026-06-06 16:51:31 +0000  4752 bytes for ./Payload/MicroSKUApp.app/assets/node_modules/expo-router/assets/unmatched.png
2026-06-06 16:51:31 +0000  copying file ./Payload/MicroSKUApp.app/assets/node_modules/expo-router/assets/file.png ... 
2026-06-06 16:51:31 +0000  138 bytes for ./Payload/MicroSKUApp.app/assets/node_modules/expo-router/assets/file.png
2026-06-06 16:51:31 +0000  copying file ./Payload/MicroSKUApp.app/assets/node_modules/expo-router/assets/forward.png ... 
2026-06-06 16:51:31 +0000  188 bytes for ./Payload/MicroSKUApp.app/assets/node_modules/expo-router/assets/forward.png
2026-06-06 16:51:31 +0000  copying file ./Payload/MicroSKUApp.app/assets/node_modules/expo-router/assets/error.png ... 
2026-06-06 16:51:31 +0000  469 bytes for ./Payload/MicroSKUApp.app/assets/node_modules/expo-router/assets/error.png
2026-06-06 16:51:31 +0000  copying file ./Payload/MicroSKUApp.app/assets/node_modules/expo-router/assets/sitemap.png ... 
2026-06-06 16:51:31 +0000  465 bytes for ./Payload/MicroSKUApp.app/assets/node_modules/expo-router/assets/sitemap.png
2026-06-06 16:51:31 +0000  copying file ./Payload/MicroSKUApp.app/assets/node_modules/expo-router/assets/arrow_down.png ... 
2026-06-06 16:51:31 +0000  9456 bytes for ./Payload/MicroSKUApp.app/assets/node_modules/expo-router/assets/arrow_down.png
2026-06-06 16:51:31 +0000  copying file ./Payload/MicroSKUApp.app/assets/assets/071/storemap/storemap-page-1.png ... 
2026-06-06 16:51:31 +0000  2276717 bytes for ./Payload/MicroSKUApp.app/assets/assets/071/storemap/storemap-page-1.png
2026-06-06 16:51:31 +0000  copying file ./Payload/MicroSKUApp.app/assets/assets/plans/apple/page-1.png ... 
2026-06-06 16:51:31 +0000  1631523 bytes for ./Payload/MicroSKUApp.app/assets/assets/plans/apple/page-1.png
2026-06-06 16:51:31 +0000  copying file ./Payload/MicroSKUApp.app/assets/assets/plans/apple/page-2.png ... 
2026-06-06 16:51:31 +0000  1795631 bytes for ./Payload/MicroSKUApp.app/assets/assets/plans/apple/page-2.png
2026-06-06 16:51:31 +0000  copying file ./Payload/MicroSKUApp.app/assets/assets/plans/hdtv/page-1.png ... 
2026-06-06 16:51:31 +0000  1310444 bytes for ./Payload/MicroSKUApp.app/assets/assets/plans/hdtv/page-1.png
2026-06-06 16:51:31 +0000  copying file ./Payload/MicroSKUApp.app/assets/assets/plans/hdtv/page-2.png ... 
2026-06-06 16:51:31 +0000  1279105 bytes for ./Payload/MicroSKUApp.app/assets/assets/plans/hdtv/page-2.png
2026-06-06 16:51:31 +0000  copying file ./Payload/MicroSKUApp.app/assets/assets/plans/replacements/page-1.png ... 
2026-06-06 16:51:31 +0000  1369328 bytes for ./Payload/MicroSKUApp.app/assets/assets/plans/replacements/page-1.png
2026-06-06 16:51:31 +0000  copying file ./Payload/MicroSKUApp.app/assets/assets/plans/replacements/page-2.png ... 
2026-06-06 16:51:31 +0000  1238128 bytes for ./Payload/MicroSKUApp.app/assets/assets/plans/replacements/page-2.png
2026-06-06 16:51:31 +0000  copying file ./Payload/MicroSKUApp.app/assets/assets/plans/smallelectronicdevices/page-1.png ... 
2026-06-06 16:51:31 +0000  1402128 bytes for ./Payload/MicroSKUApp.app/assets/assets/plans/smallelectronicdevices/page-1.png
2026-06-06 16:51:31 +0000  copying file ./Payload/MicroSKUApp.app/assets/assets/plans/smallelectronicdevices/page-2.png ... 
2026-06-06 16:51:32 +0000  1620233 bytes for ./Payload/MicroSKUApp.app/assets/assets/plans/smallelectronicdevices/page-2.png
2026-06-06 16:51:32 +0000  copying file ./Payload/MicroSKUApp.app/assets/assets/plans/tablets/page-1.png ... 
2026-06-06 16:51:32 +0000  1195350 bytes for ./Payload/MicroSKUApp.app/assets/assets/plans/tablets/page-1.png
2026-06-06 16:51:32 +0000  copying file ./Payload/MicroSKUApp.app/assets/assets/plans/tablets/page-2.png ... 
2026-06-06 16:51:32 +0000  1631298 bytes for ./Payload/MicroSKUApp.app/assets/assets/plans/tablets/page-2.png
2026-06-06 16:51:32 +0000  copying file ./Payload/MicroSKUApp.app/assets/assets/plans/newpcupgradesinstallation/page-1.png ... 
2026-06-06 16:51:32 +0000  1528524 bytes for ./Payload/MicroSKUApp.app/assets/assets/plans/newpcupgradesinstallation/page-1.png
2026-06-06 16:51:32 +0000  copying file ./Payload/MicroSKUApp.app/assets/assets/plans/newpcupgradesinstallation/page-2.png ... 
2026-06-06 16:51:32 +0000  1078592 bytes for ./Payload/MicroSKUApp.app/assets/assets/plans/newpcupgradesinstallation/page-2.png
2026-06-06 16:51:32 +0000  copying file ./Payload/MicroSKUApp.app/assets/assets/plans/buildyourowncomponents/page-1.png ... 
2026-06-06 16:51:32 +0000  1432607 bytes for ./Payload/MicroSKUApp.app/assets/assets/plans/buildyourowncomponents/page-1.png
2026-06-06 16:51:32 +0000  copying file ./Payload/MicroSKUApp.app/assets/assets/plans/buildyourowncomponents/page-2.png ... 
2026-06-06 16:51:32 +0000  1402804 bytes for ./Payload/MicroSKUApp.app/assets/assets/plans/buildyourowncomponents/page-2.png
2026-06-06 16:51:32 +0000  copying file ./Payload/MicroSKUApp.app/assets/assets/plans/dell/page-1.png ... 
2026-06-06 16:51:32 +0000  2112455 bytes for ./Payload/MicroSKUApp.app/assets/assets/plans/dell/page-1.png
2026-06-06 16:51:32 +0000  copying file ./Payload/MicroSKUApp.app/assets/assets/plans/dell/page-2.png ... 
2026-06-06 16:51:32 +0000  1385965 bytes for ./Payload/MicroSKUApp.app/assets/assets/plans/dell/page-2.png
2026-06-06 16:51:32 +0000  copying file ./Payload/MicroSKUApp.app/assets/assets/plans/mobilephones/page-1.png ... 
2026-06-06 16:51:32 +0000  1614558 bytes for ./Payload/MicroSKUApp.app/assets/assets/plans/mobilephones/page-1.png
2026-06-06 16:51:32 +0000  copying file ./Payload/MicroSKUApp.app/assets/assets/plans/mobilephones/page-2.png ... 
2026-06-06 16:51:32 +0000  1329130 bytes for ./Payload/MicroSKUApp.app/assets/assets/plans/mobilephones/page-2.png
2026-06-06 16:51:32 +0000  copying file ./Payload/MicroSKUApp.app/assets/assets/plans/desktopsystems/page-1.png ... 
2026-06-06 16:51:32 +0000  1796355 bytes for ./Payload/MicroSKUApp.app/assets/assets/plans/desktopsystems/page-1.png
2026-06-06 16:51:32 +0000  copying file ./Payload/MicroSKUApp.app/assets/assets/plans/desktopsystems/page-2.png ... 
2026-06-06 16:51:32 +0000  2281568 bytes for ./Payload/MicroSKUApp.app/assets/assets/plans/desktopsystems/page-2.png
2026-06-06 16:51:32 +0000  copying file ./Payload/MicroSKUApp.app/assets/assets/plans/harddrivedataprotectionreplacement/page-1.png ... 
2026-06-06 16:51:32 +0000  1459575 bytes for ./Payload/MicroSKUApp.app/assets/assets/plans/harddrivedataprotectionreplacement/page-1.png
2026-06-06 16:51:32 +0000  copying file ./Payload/MicroSKUApp.app/assets/assets/plans/harddrivedataprotectionreplacement/page-2.png ... 
2026-06-06 16:51:32 +0000  1134017 bytes for ./Payload/MicroSKUApp.app/assets/assets/plans/harddrivedataprotectionreplacement/page-2.png
2026-06-06 16:51:32 +0000  copying file ./Payload/MicroSKUApp.app/assets/assets/plans/uicare/page-1.png ... 
2026-06-06 16:51:32 +0000  1771166 bytes for ./Payload/MicroSKUApp.app/assets/assets/plans/uicare/page-1.png
2026-06-06 16:51:32 +0000  copying file ./Payload/MicroSKUApp.app/assets/assets/plans/uicare/page-2.png ... 
2026-06-06 16:51:32 +0000  1685207 bytes for ./Payload/MicroSKUApp.app/assets/assets/plans/uicare/page-2.png
2026-06-06 16:51:32 +0000  copying file ./Payload/MicroSKUApp.app/assets/assets/plans/prioritycareplus/page-1.png ... 
2026-06-06 16:51:32 +0000  1404025 bytes for ./Payload/MicroSKUApp.app/assets/assets/plans/prioritycareplus/page-1.png
2026-06-06 16:51:32 +0000  copying file ./Payload/MicroSKUApp.app/assets/assets/plans/prioritycareplus/page-3.png ... 
2026-06-06 16:51:32 +0000  1732465 bytes for ./Payload/MicroSKUApp.app/assets/assets/plans/prioritycareplus/page-3.png
2026-06-06 16:51:32 +0000  copying file ./Payload/MicroSKUApp.app/assets/assets/plans/prioritycareplus/page-2.png ... 
2026-06-06 16:51:32 +0000  2409903 bytes for ./Payload/MicroSKUApp.app/assets/assets/plans/prioritycareplus/page-2.png
2026-06-06 16:51:32 +0000  copying file ./Payload/MicroSKUApp.app/assets/assets/plans/dellplus/page-1.png ... 
2026-06-06 16:51:32 +0000  2077233 bytes for ./Payload/MicroSKUApp.app/assets/assets/plans/dellplus/page-1.png
2026-06-06 16:51:32 +0000  copying file ./Payload/MicroSKUApp.app/assets/assets/plans/dellplus/page-2.png ... 
2026-06-06 16:51:32 +0000  2009032 bytes for ./Payload/MicroSKUApp.app/assets/assets/plans/dellplus/page-2.png
2026-06-06 16:51:32 +0000  copying file ./Payload/MicroSKUApp.app/assets/assets/plans/3dprinter/page-1.png ... 
2026-06-06 16:51:32 +0000  1720364 bytes for ./Payload/MicroSKUApp.app/assets/assets/plans/3dprinter/page-1.png
2026-06-06 16:51:32 +0000  copying file ./Payload/MicroSKUApp.app/assets/assets/plans/3dprinter/page-2.png ... 
2026-06-06 16:51:32 +0000  1543962 bytes for ./Payload/MicroSKUApp.app/assets/assets/plans/3dprinter/page-2.png
2026-06-06 16:51:32 +0000  copying file ./Payload/MicroSKUApp.app/assets/assets/plans/carryin/page-1.png ... 
2026-06-06 16:51:32 +0000  1508287 bytes for ./Payload/MicroSKUApp.app/assets/assets/plans/carryin/page-1.png
2026-06-06 16:51:32 +0000  copying file ./Payload/MicroSKUApp.app/assets/assets/plans/carryin/page-2.png ... 
2026-06-06 16:51:32 +0000  1217694 bytes for ./Payload/MicroSKUApp.app/assets/assets/plans/carryin/page-2.png
2026-06-06 16:51:32 +0000  copying file ./Payload/MicroSKUApp.app/assets/assets/plans/notebooks/page-1.png ... 
2026-06-06 16:51:32 +0000  1722732 bytes for ./Payload/MicroSKUApp.app/assets/assets/plans/notebooks/page-1.png
2026-06-06 16:51:32 +0000  copying file ./Payload/MicroSKUApp.app/assets/assets/plans/notebooks/page-2.png ... 
2026-06-06 16:51:32 +0000  1766378 bytes for ./Payload/MicroSKUApp.app/assets/assets/plans/notebooks/page-2.png
2026-06-06 16:51:32 +0000  copying file ./Payload/MicroSKUApp.app/assets/assets/plans/digitalcamerascamcorders/page-1.png ... 
2026-06-06 16:51:32 +0000  1004366 bytes for ./Payload/MicroSKUApp.app/assets/assets/plans/digitalcamerascamcorders/page-1.png
2026-06-06 16:51:32 +0000  copying file ./Payload/MicroSKUApp.app/assets/assets/plans/digitalcamerascamcorders/page-2.png ... 
2026-06-06 16:51:33 +0000  1326010 bytes for ./Payload/MicroSKUApp.app/assets/assets/plans/digitalcamerascamcorders/page-2.png
2026-06-06 16:51:33 +0000  copying file ./Payload/MicroSKUApp.app/Info.plist ... 
2050 bytes for ./Payload/MicroSKUApp.app/Info.plist
copying file ./Payload/MicroSKUApp.app/Expo.plist ... 
2026-06-06 16:51:33 +0000  132 bytes for ./Payload/MicroSKUApp.app/Expo.plist
2026-06-06 16:51:33 +0000  copying file ./Payload/MicroSKUApp.app/RNCAsyncStorage_resources.bundle/PrivacyInfo.xcprivacy ... 
2026-06-06 16:51:33 +0000  512 bytes for ./Payload/MicroSKUApp.app/RNCAsyncStorage_resources.bundle/PrivacyInfo.xcprivacy
2026-06-06 16:51:33 +0000  copying file ./Payload/MicroSKUApp.app/RNCAsyncStorage_resources.bundle/Info.plist ... 
2026-06-06 16:51:33 +0000  797 bytes for ./Payload/MicroSKUApp.app/RNCAsyncStorage_resources.bundle/Info.plist
2026-06-06 16:51:33 +0000  copying file ./Payload/MicroSKUApp.app/PkgInfo ... 
8 bytes for ./Payload/MicroSKUApp.app/PkgInfo
2026-06-06 16:51:33 +0000  copying file ./Payload/MicroSKUApp.app/React-Core_privacy.bundle/PrivacyInfo.xcprivacy ... 
2026-06-06 16:51:33 +0000  768 bytes for ./Payload/MicroSKUApp.app/React-Core_privacy.bundle/PrivacyInfo.xcprivacy
2026-06-06 16:51:33 +0000  copying file ./Payload/MicroSKUApp.app/React-Core_privacy.bundle/Info.plist ... 
2026-06-06 16:51:33 +0000  784 bytes for ./Payload/MicroSKUApp.app/React-Core_privacy.bundle/Info.plist
2026-06-06 16:51:33 +0000  /usr/bin/ditto exited with 0
2026-06-06 16:51:33 +0000  Processing step: IDEDistributionAppStoreInformationStep
2026-06-06 16:51:33 +0000  Skipping step: IDEDistributionAppStoreInformationStep because it said so
2026-06-06 16:51:33 +0000  Processing step: IDEDistributionGenerateProcessedDistributionItems
2026-06-06 16:51:33 +0000  IDEDistributionItem init <DVTFilePath:0xb0050f680:'/var/folders/wy/nh2nv5bd0j11j_2rxty94q7m0000gn/T/XcodeDistPipeline.~~~bT4Avl/Root/Payload/MicroSKUApp.app/Frameworks/ReactNativeDependencies.framework'>
2026-06-06 16:51:33 +0000  IDEDistributionItem init <DVTFilePath:0xb00abadc0:'/var/folders/wy/nh2nv5bd0j11j_2rxty94q7m0000gn/T/XcodeDistPipeline.~~~bT4Avl/Root/Payload/MicroSKUApp.app/Frameworks/React.framework'>
2026-06-06 16:51:33 +0000  IDEDistributionItem init <DVTFilePath:0xaecf4cc40:'/var/folders/wy/nh2nv5bd0j11j_2rxty94q7m0000gn/T/XcodeDistPipeline.~~~bT4Avl/Root/Payload/MicroSKUApp.app/Frameworks/hermes.framework'>
2026-06-06 16:51:33 +0000  IDEDistributionItem init <DVTFilePath:0xb00abb1e0:'/var/folders/wy/nh2nv5bd0j11j_2rxty94q7m0000gn/T/XcodeDistPipeline.~~~bT4Avl/Root/Payload/MicroSKUApp.app'>
2026-06-06 16:51:33 +0000  Processing step: IDEDistributionCreateManifestStep
